<?xml version="1.0" encoding="UTF-8"?>
<coverage generated="1558978715312" clover="3.2.0">
  <project timestamp="1558978715312" name="All files">
    <metrics statements="194" coveredstatements="132" conditionals="46" coveredconditionals="14" methods="84" coveredmethods="48" elements="324" coveredelements="194" complexity="0" loc="194" ncloc="194" packages="15" files="40" classes="40">
      <package name="src">
        <metrics statements="7" coveredstatements="7" conditionals="2" coveredconditionals="1" methods="2" coveredmethods="2"/>
        <file name="App.js" path="/Users/vsubbaiyan/Documents/projects/personal/reviews-list/src/App.js">
          <metrics statements="4" coveredstatements="4" conditionals="2" coveredconditionals="1" methods="2" coveredmethods="2"/>
          <line num="14" count="1" type="stmt"/>
          <line num="15" count="1" type="cond" truecount="1" falsecount="1"/>
          <line num="17" count="1" type="stmt"/>
          <line num="21" count="1" type="stmt"/>
        </file>
        <file name="setupTests.js" path="/Users/vsubbaiyan/Documents/projects/personal/reviews-list/src/setupTests.js">
          <metrics statements="3" coveredstatements="3" conditionals="0" coveredconditionals="0" methods="0" coveredmethods="0"/>
          <line num="6" count="11" type="stmt"/>
          <line num="8" count="11" type="stmt"/>
          <line num="13" count="11" type="stmt"/>
        </file>
      </package>
      <package name="src.components.MainWrapper">
        <metrics statements="2" coveredstatements="2" conditionals="0" coveredconditionals="0" methods="1" coveredmethods="1"/>
        <file name="MainWrapper.js" path="/Users/vsubbaiyan/Documents/projects/personal/reviews-list/src/components/MainWrapper/MainWrapper.js">
          <metrics statements="2" coveredstatements="2" conditionals="0" coveredconditionals="0" methods="1" coveredmethods="1"/>
          <line num="3" count="2" type="stmt"/>
          <line num="4" count="2" type="stmt"/>
        </file>
        <file name="index.js" path="/Users/vsubbaiyan/Documents/projects/personal/reviews-list/src/components/MainWrapper/index.js">
          <metrics statements="0" coveredstatements="0" conditionals="0" coveredconditionals="0" methods="0" coveredmethods="0"/>
        </file>
      </package>
      <package name="src.components.ReviewFilter">
        <metrics statements="12" coveredstatements="10" conditionals="2" coveredconditionals="0" methods="6" coveredmethods="5"/>
        <file name="ReviewFilter.js" path="/Users/vsubbaiyan/Documents/projects/personal/reviews-list/src/components/ReviewFilter/ReviewFilter.js">
          <metrics statements="6" coveredstatements="5" conditionals="2" coveredconditionals="0" methods="3" coveredmethods="2"/>
          <line num="9" count="3" type="stmt"/>
          <line num="10" count="16" type="stmt"/>
          <line num="11" count="0" type="cond" truecount="0" falsecount="2"/>
          <line num="14" count="4" type="stmt"/>
          <line num="15" count="4" type="stmt"/>
          <line num="48" count="3" type="stmt"/>
        </file>
        <file name="ReviewFilter.styled.js" path="/Users/vsubbaiyan/Documents/projects/personal/reviews-list/src/components/ReviewFilter/ReviewFilter.styled.js">
          <metrics statements="5" coveredstatements="5" conditionals="0" coveredconditionals="0" methods="3" coveredmethods="3"/>
          <line num="6" count="3" type="stmt"/>
          <line num="13" count="4" type="stmt"/>
          <line num="15" count="4" type="stmt"/>
          <line num="18" count="3" type="stmt"/>
          <line num="20" count="4" type="stmt"/>
        </file>
        <file name="index.js" path="/Users/vsubbaiyan/Documents/projects/personal/reviews-list/src/components/ReviewFilter/index.js">
          <metrics statements="1" coveredstatements="0" conditionals="0" coveredconditionals="0" methods="0" coveredmethods="0"/>
          <line num="1" count="0" type="stmt"/>
        </file>
      </package>
      <package name="src.components.ReviewGroup">
        <metrics statements="25" coveredstatements="12" conditionals="2" coveredconditionals="0" methods="12" coveredmethods="0"/>
        <file name="CreatedDate.js" path="/Users/vsubbaiyan/Documents/projects/personal/reviews-list/src/components/ReviewGroup/CreatedDate.js">
          <metrics statements="2" coveredstatements="1" conditionals="0" coveredconditionals="0" methods="1" coveredmethods="0"/>
          <line num="7" count="2" type="stmt"/>
          <line num="8" count="0" type="stmt"/>
        </file>
        <file name="Product.js" path="/Users/vsubbaiyan/Documents/projects/personal/reviews-list/src/components/ReviewGroup/Product.js">
          <metrics statements="4" coveredstatements="2" conditionals="0" coveredconditionals="0" methods="2" coveredmethods="0"/>
          <line num="8" count="2" type="stmt"/>
          <line num="15" count="0" type="stmt"/>
          <line num="18" count="2" type="stmt"/>
          <line num="19" count="0" type="stmt"/>
        </file>
        <file name="Rating.js" path="/Users/vsubbaiyan/Documents/projects/personal/reviews-list/src/components/ReviewGroup/Rating.js">
          <metrics statements="5" coveredstatements="2" conditionals="2" coveredconditionals="0" methods="2" coveredmethods="0"/>
          <line num="7" count="2" type="stmt"/>
          <line num="9" count="2" type="stmt"/>
          <line num="10" count="0" type="stmt"/>
          <line num="13" count="0" type="cond" truecount="0" falsecount="2"/>
          <line num="14" count="0" type="stmt"/>
        </file>
        <file name="Review.js" path="/Users/vsubbaiyan/Documents/projects/personal/reviews-list/src/components/ReviewGroup/Review.js">
          <metrics statements="3" coveredstatements="2" conditionals="0" coveredconditionals="0" methods="1" coveredmethods="0"/>
          <line num="12" count="2" type="stmt"/>
          <line num="13" count="0" type="stmt"/>
          <line num="25" count="2" type="stmt"/>
        </file>
        <file name="Review.styled.js" path="/Users/vsubbaiyan/Documents/projects/personal/reviews-list/src/components/ReviewGroup/Review.styled.js">
          <metrics statements="8" coveredstatements="4" conditionals="0" coveredconditionals="0" methods="4" coveredmethods="0"/>
          <line num="4" count="2" type="stmt"/>
          <line num="6" count="0" type="stmt"/>
          <line num="7" count="0" type="stmt"/>
          <line num="8" count="0" type="stmt"/>
          <line num="18" count="2" type="stmt"/>
          <line num="20" count="2" type="stmt"/>
          <line num="25" count="0" type="stmt"/>
          <line num="28" count="2" type="stmt"/>
        </file>
        <file name="ReviewGroup.js" path="/Users/vsubbaiyan/Documents/projects/personal/reviews-list/src/components/ReviewGroup/ReviewGroup.js">
          <metrics statements="3" coveredstatements="1" conditionals="0" coveredconditionals="0" methods="2" coveredmethods="0"/>
          <line num="5" count="2" type="stmt"/>
          <line num="6" count="0" type="stmt"/>
          <line num="8" count="0" type="stmt"/>
        </file>
        <file name="index.js" path="/Users/vsubbaiyan/Documents/projects/personal/reviews-list/src/components/ReviewGroup/index.js">
          <metrics statements="0" coveredstatements="0" conditionals="0" coveredconditionals="0" methods="0" coveredmethods="0"/>
        </file>
      </package>
      <package name="src.components.Reviews">
        <metrics statements="39" coveredstatements="18" conditionals="16" coveredconditionals="6" methods="17" coveredmethods="7"/>
        <file name="Reviews.js" path="/Users/vsubbaiyan/Documents/projects/personal/reviews-list/src/components/Reviews/Reviews.js">
          <metrics statements="36" coveredstatements="15" conditionals="16" coveredconditionals="6" methods="16" coveredmethods="6"/>
          <line num="38" count="3" type="stmt"/>
          <line num="39" count="3" type="stmt"/>
          <line num="43" count="1" type="stmt"/>
          <line num="47" count="5" type="stmt"/>
          <line num="49" count="5" type="cond" truecount="3" falsecount="1"/>
          <line num="50" count="5" type="stmt"/>
          <line num="53" count="0" type="cond" truecount="0" falsecount="2"/>
          <line num="54" count="0" type="stmt"/>
          <line num="55" count="0" type="stmt"/>
          <line num="57" count="0" type="cond" truecount="0" falsecount="4"/>
          <line num="58" count="0" type="stmt"/>
          <line num="63" count="0" type="stmt"/>
          <line num="65" count="0" type="stmt"/>
          <line num="66" count="0" type="stmt"/>
          <line num="68" count="0" type="stmt"/>
          <line num="69" count="0" type="stmt"/>
          <line num="70" count="0" type="stmt"/>
          <line num="73" count="0" type="stmt"/>
          <line num="78" count="0" type="stmt"/>
          <line num="80" count="0" type="stmt"/>
          <line num="81" count="0" type="stmt"/>
          <line num="82" count="0" type="stmt"/>
          <line num="87" count="5" type="stmt"/>
          <line num="89" count="5" type="stmt"/>
          <line num="90" count="0" type="stmt"/>
          <line num="91" count="0" type="cond" truecount="0" falsecount="2"/>
          <line num="93" count="5" type="stmt"/>
          <line num="94" count="5" type="stmt"/>
          <line num="96" count="5" type="cond" truecount="1" falsecount="1"/>
          <line num="97" count="5" type="stmt"/>
          <line num="98" count="5" type="stmt"/>
          <line num="101" count="0" type="stmt"/>
          <line num="102" count="0" type="stmt"/>
          <line num="105" count="0" type="stmt"/>
          <line num="111" count="5" type="stmt"/>
          <line num="135" count="7" type="stmt"/>
        </file>
        <file name="Reviews.styled.js" path="/Users/vsubbaiyan/Documents/projects/personal/reviews-list/src/components/Reviews/Reviews.styled.js">
          <metrics statements="3" coveredstatements="3" conditionals="0" coveredconditionals="0" methods="1" coveredmethods="1"/>
          <line num="4" count="2" type="stmt"/>
          <line num="9" count="5" type="stmt"/>
          <line num="13" count="2" type="stmt"/>
        </file>
        <file name="index.js" path="/Users/vsubbaiyan/Documents/projects/personal/reviews-list/src/components/Reviews/index.js">
          <metrics statements="0" coveredstatements="0" conditionals="0" coveredconditionals="0" methods="0" coveredmethods="0"/>
        </file>
      </package>
      <package name="src.components.base">
        <metrics statements="18" coveredstatements="15" conditionals="2" coveredconditionals="0" methods="8" coveredmethods="5"/>
        <file name="Base.styled.js" path="/Users/vsubbaiyan/Documents/projects/personal/reviews-list/src/components/base/Base.styled.js">
          <metrics statements="18" coveredstatements="15" conditionals="2" coveredconditionals="0" methods="8" coveredmethods="5"/>
          <line num="4" count="5" type="stmt"/>
          <line num="8" count="5" type="stmt"/>
          <line num="15" count="5" type="stmt"/>
          <line num="20" count="5" type="stmt"/>
          <line num="27" count="5" type="stmt"/>
          <line num="42" count="5" type="stmt"/>
          <line num="43" count="0" type="stmt"/>
          <line num="44" count="0" type="stmt"/>
          <line num="45" count="0" type="cond" truecount="0" falsecount="2"/>
          <line num="57" count="5" type="stmt"/>
          <line num="62" count="5" type="stmt"/>
          <line num="70" count="5" type="stmt"/>
          <line num="71" count="5" type="stmt"/>
          <line num="72" count="5" type="stmt"/>
          <line num="76" count="5" type="stmt"/>
          <line num="77" count="5" type="stmt"/>
          <line num="82" count="5" type="stmt"/>
          <line num="90" count="5" type="stmt"/>
        </file>
        <file name="index.js" path="/Users/vsubbaiyan/Documents/projects/personal/reviews-list/src/components/base/index.js">
          <metrics statements="0" coveredstatements="0" conditionals="0" coveredconditionals="0" methods="0" coveredmethods="0"/>
        </file>
      </package>
      <package name="src.components.base.Header">
        <metrics statements="4" coveredstatements="4" conditionals="0" coveredconditionals="0" methods="2" coveredmethods="2"/>
        <file name="Header.js" path="/Users/vsubbaiyan/Documents/projects/personal/reviews-list/src/components/base/Header/Header.js">
          <metrics statements="2" coveredstatements="2" conditionals="0" coveredconditionals="0" methods="1" coveredmethods="1"/>
          <line num="6" count="4" type="stmt"/>
          <line num="7" count="2" type="stmt"/>
        </file>
        <file name="Header.styled.js" path="/Users/vsubbaiyan/Documents/projects/personal/reviews-list/src/components/base/Header/Header.styled.js">
          <metrics statements="2" coveredstatements="2" conditionals="0" coveredconditionals="0" methods="1" coveredmethods="1"/>
          <line num="3" count="4" type="stmt"/>
          <line num="4" count="2" type="stmt"/>
        </file>
        <file name="index.js" path="/Users/vsubbaiyan/Documents/projects/personal/reviews-list/src/components/base/Header/index.js">
          <metrics statements="0" coveredstatements="0" conditionals="0" coveredconditionals="0" methods="0" coveredmethods="0"/>
        </file>
      </package>
      <package name="src.components.base.Icon">
        <metrics statements="4" coveredstatements="4" conditionals="0" coveredconditionals="0" methods="1" coveredmethods="1"/>
        <file name="Icon.js" path="/Users/vsubbaiyan/Documents/projects/personal/reviews-list/src/components/base/Icon/Icon.js">
          <metrics statements="4" coveredstatements="4" conditionals="0" coveredconditionals="0" methods="1" coveredmethods="1"/>
          <line num="10" count="4" type="stmt"/>
          <line num="11" count="1" type="stmt"/>
          <line num="13" count="1" type="stmt"/>
          <line num="20" count="4" type="stmt"/>
        </file>
        <file name="index.js" path="/Users/vsubbaiyan/Documents/projects/personal/reviews-list/src/components/base/Icon/index.js">
          <metrics statements="0" coveredstatements="0" conditionals="0" coveredconditionals="0" methods="0" coveredmethods="0"/>
        </file>
      </package>
      <package name="src.components.base.Select">
        <metrics statements="11" coveredstatements="9" conditionals="4" coveredconditionals="1" methods="8" coveredmethods="7"/>
        <file name="Select.js" path="/Users/vsubbaiyan/Documents/projects/personal/reviews-list/src/components/base/Select/Select.js">
          <metrics statements="6" coveredstatements="4" conditionals="2" coveredconditionals="0" methods="4" coveredmethods="3"/>
          <line num="34" count="0" type="cond" truecount="0" falsecount="2"/>
          <line num="35" count="0" type="stmt"/>
          <line num="40" count="1" type="stmt"/>
          <line num="41" count="1" type="stmt"/>
          <line num="45" count="15" type="stmt"/>
          <line num="52" count="46" type="stmt"/>
        </file>
        <file name="Select.style.js" path="/Users/vsubbaiyan/Documents/projects/personal/reviews-list/src/components/base/Select/Select.style.js">
          <metrics statements="5" coveredstatements="5" conditionals="2" coveredconditionals="1" methods="4" coveredmethods="4"/>
          <line num="4" count="4" type="stmt"/>
          <line num="5" count="15" type="stmt"/>
          <line num="6" count="15" type="cond" truecount="1" falsecount="1"/>
          <line num="7" count="15" type="stmt"/>
          <line num="8" count="15" type="stmt"/>
        </file>
        <file name="index.js" path="/Users/vsubbaiyan/Documents/projects/personal/reviews-list/src/components/base/Select/index.js">
          <metrics statements="0" coveredstatements="0" conditionals="0" coveredconditionals="0" methods="0" coveredmethods="0"/>
        </file>
      </package>
      <package name="src.components.base.Spinner">
        <metrics statements="3" coveredstatements="3" conditionals="0" coveredconditionals="0" methods="2" coveredmethods="2"/>
        <file name="Spinner.js" path="/Users/vsubbaiyan/Documents/projects/personal/reviews-list/src/components/base/Spinner/Spinner.js">
          <metrics statements="3" coveredstatements="3" conditionals="0" coveredconditionals="0" methods="2" coveredmethods="2"/>
          <line num="3" count="4" type="stmt"/>
          <line num="8" count="4" type="stmt"/>
          <line num="19" count="4" type="stmt"/>
        </file>
        <file name="index.js" path="/Users/vsubbaiyan/Documents/projects/personal/reviews-list/src/components/base/Spinner/index.js">
          <metrics statements="0" coveredstatements="0" conditionals="0" coveredconditionals="0" methods="0" coveredmethods="0"/>
        </file>
      </package>
      <package name="src.components.base.TextInput">
        <metrics statements="6" coveredstatements="6" conditionals="0" coveredconditionals="0" methods="3" coveredmethods="3"/>
        <file name="TextInput.js" path="/Users/vsubbaiyan/Documents/projects/personal/reviews-list/src/components/base/TextInput/TextInput.js">
          <metrics statements="4" coveredstatements="4" conditionals="0" coveredconditionals="0" methods="2" coveredmethods="2"/>
          <line num="30" count="1" type="stmt"/>
          <line num="31" count="1" type="stmt"/>
          <line num="35" count="7" type="stmt"/>
          <line num="37" count="7" type="stmt"/>
        </file>
        <file name="TextInput.styled.js" path="/Users/vsubbaiyan/Documents/projects/personal/reviews-list/src/components/base/TextInput/TextInput.styled.js">
          <metrics statements="2" coveredstatements="2" conditionals="0" coveredconditionals="0" methods="1" coveredmethods="1"/>
          <line num="4" count="4" type="stmt"/>
          <line num="5" count="7" type="stmt"/>
        </file>
        <file name="index.js" path="/Users/vsubbaiyan/Documents/projects/personal/reviews-list/src/components/base/TextInput/index.js">
          <metrics statements="0" coveredstatements="0" conditionals="0" coveredconditionals="0" methods="0" coveredmethods="0"/>
        </file>
      </package>
      <package name="src.helpers">
        <metrics statements="38" coveredstatements="24" conditionals="13" coveredconditionals="3" methods="13" coveredmethods="8"/>
        <file name="config.js" path="/Users/vsubbaiyan/Documents/projects/personal/reviews-list/src/helpers/config.js">
          <metrics statements="1" coveredstatements="1" conditionals="0" coveredconditionals="0" methods="0" coveredmethods="0"/>
          <line num="1" count="11" type="stmt"/>
        </file>
        <file name="testUtil.js" path="/Users/vsubbaiyan/Documents/projects/personal/reviews-list/src/helpers/testUtil.js">
          <metrics statements="11" coveredstatements="11" conditionals="2" coveredconditionals="1" methods="3" coveredmethods="3"/>
          <line num="9" count="11" type="stmt"/>
          <line num="11" count="11" type="stmt"/>
          <line num="15" count="11" type="cond" truecount="1" falsecount="1"/>
          <line num="16" count="11" type="stmt"/>
          <line num="18" count="11" type="stmt"/>
          <line num="21" count="11" type="stmt"/>
          <line num="22" count="11" type="stmt"/>
          <line num="24" count="11" type="stmt"/>
          <line num="30" count="11" type="stmt"/>
          <line num="38" count="11" type="stmt"/>
          <line num="43" count="11" type="stmt"/>
        </file>
        <file name="util.js" path="/Users/vsubbaiyan/Documents/projects/personal/reviews-list/src/helpers/util.js">
          <metrics statements="26" coveredstatements="12" conditionals="11" coveredconditionals="2" methods="10" coveredmethods="5"/>
          <line num="6" count="40" type="cond" truecount="2" falsecount="0"/>
          <line num="8" count="9" type="stmt"/>
          <line num="14" count="7" type="stmt"/>
          <line num="22" count="7" type="stmt"/>
          <line num="26" count="7" type="stmt"/>
          <line num="27" count="0" type="cond" truecount="0" falsecount="3"/>
          <line num="29" count="0" type="stmt"/>
          <line num="31" count="0" type="stmt"/>
          <line num="33" count="0" type="stmt"/>
          <line num="37" count="7" type="stmt"/>
          <line num="38" count="0" type="stmt"/>
          <line num="39" count="0" type="stmt"/>
          <line num="41" count="0" type="stmt"/>
          <line num="44" count="7" type="stmt"/>
          <line num="45" count="0" type="stmt"/>
          <line num="47" count="0" type="cond" truecount="0" falsecount="3"/>
          <line num="50" count="7" type="stmt"/>
          <line num="55" count="0" type="stmt"/>
          <line num="57" count="0" type="cond" truecount="0" falsecount="3"/>
          <line num="59" count="0" type="stmt"/>
          <line num="62" count="0" type="stmt"/>
          <line num="65" count="0" type="stmt"/>
          <line num="70" count="7" type="stmt"/>
          <line num="72" count="7" type="stmt"/>
          <line num="78" count="7" type="stmt"/>
          <line num="86" count="7" type="stmt"/>
        </file>
      </package>
      <package name="src.redux.actions">
        <metrics statements="13" coveredstatements="10" conditionals="0" coveredconditionals="0" methods="6" coveredmethods="3"/>
        <file name="index.js" path="/Users/vsubbaiyan/Documents/projects/personal/reviews-list/src/redux/actions/index.js">
          <metrics statements="0" coveredstatements="0" conditionals="0" coveredconditionals="0" methods="0" coveredmethods="0"/>
        </file>
        <file name="reviewsActions.js" path="/Users/vsubbaiyan/Documents/projects/personal/reviews-list/src/redux/actions/reviewsActions.js">
          <metrics statements="13" coveredstatements="10" conditionals="0" coveredconditionals="0" methods="6" coveredmethods="3"/>
          <line num="4" count="11" type="stmt"/>
          <line num="6" count="11" type="stmt"/>
          <line num="7" count="11" type="stmt"/>
          <line num="8" count="11" type="stmt"/>
          <line num="10" count="11" type="stmt"/>
          <line num="15" count="11" type="stmt"/>
          <line num="20" count="11" type="stmt"/>
          <line num="22" count="11" type="stmt"/>
          <line num="23" count="3" type="stmt"/>
          <line num="25" count="3" type="stmt"/>
          <line num="27" count="0" type="stmt"/>
          <line num="28" count="0" type="stmt"/>
          <line num="29" count="0" type="stmt"/>
        </file>
      </package>
      <package name="src.redux.reducers">
        <metrics statements="10" coveredstatements="7" conditionals="5" coveredconditionals="3" methods="1" coveredmethods="1"/>
        <file name="appReducer.js" path="/Users/vsubbaiyan/Documents/projects/personal/reviews-list/src/redux/reducers/appReducer.js">
          <metrics statements="10" coveredstatements="7" conditionals="5" coveredconditionals="3" methods="1" coveredmethods="1"/>
          <line num="10" count="3" type="stmt"/>
          <line num="22" count="3" type="cond" truecount="1" falsecount="0"/>
          <line num="23" count="7" type="stmt"/>
          <line num="25" count="7" type="cond" truecount="2" falsecount="2"/>
          <line num="27" count="4" type="stmt"/>
          <line num="29" count="4" type="stmt"/>
          <line num="33" count="0" type="stmt"/>
          <line num="34" count="0" type="stmt"/>
          <line num="38" count="0" type="stmt"/>
          <line num="42" count="3" type="stmt"/>
        </file>
        <file name="index.js" path="/Users/vsubbaiyan/Documents/projects/personal/reviews-list/src/redux/reducers/index.js">
          <metrics statements="0" coveredstatements="0" conditionals="0" coveredconditionals="0" methods="0" coveredmethods="0"/>
        </file>
      </package>
      <package name="src.services">
        <metrics statements="2" coveredstatements="1" conditionals="0" coveredconditionals="0" methods="2" coveredmethods="1"/>
        <file name="reviewServices.js" path="/Users/vsubbaiyan/Documents/projects/personal/reviews-list/src/services/reviewServices.js">
          <metrics statements="2" coveredstatements="1" conditionals="0" coveredconditionals="0" methods="2" coveredmethods="1"/>
          <line num="3" count="11" type="stmt"/>
          <line num="5" count="0" type="stmt"/>
        </file>
      </package>
    </metrics>
  </project>
</coverage>
