{"/Users/vsubbaiyan/Documents/projects/personal/reviews-list/src/App.js": {"path":"/Users/vsubbaiyan/Documents/projects/personal/reviews-list/src/App.js","statementMap":{"0":{"start":{"line":14,"column":19},"end":{"line":14,"column":41}},"1":{"start":{"line":15,"column":17},"end":{"line":15,"column":101}},"2":{"start":{"line":15,"column":100},"end":{"line":15,"column":101}},"3":{"start":{"line":17,"column":14},"end":{"line":17,"column":82}},"4":{"start":{"line":21,"column":4},"end":{"line":30,"column":6}}},"fnMap":{"0":{"name":"(anonymous_0)","decl":{"start":{"line":15,"column":95},"end":{"line":15,"column":96}},"loc":{"start":{"line":15,"column":100},"end":{"line":15,"column":101}},"line":15},"1":{"name":"(anonymous_1)","decl":{"start":{"line":20,"column":2},"end":{"line":20,"column":3}},"loc":{"start":{"line":20,"column":11},"end":{"line":31,"column":3}},"line":20}},"branchMap":{"0":{"loc":{"start":{"line":15,"column":17},"end":{"line":15,"column":101}},"type":"cond-expr","locations":[{"start":{"line":15,"column":55},"end":{"line":15,"column":92}},{"start":{"line":15,"column":95},"end":{"line":15,"column":101}}],"line":15}},"s":{"0":1,"1":1,"2":1,"3":1,"4":1},"f":{"0":1,"1":1},"b":{"0":[0,1]},"_coverageSchema":"332fd63041d2c1bcb487cc26dd0d5f7d97098a6c","hash":"3da6d32f5915554386b86003ce0c873dda1db7d4"}
,"/Users/vsubbaiyan/Documents/projects/personal/reviews-list/src/setupTests.js": {"path":"/Users/vsubbaiyan/Documents/projects/personal/reviews-list/src/setupTests.js","statementMap":{"0":{"start":{"line":6,"column":0},"end":{"line":6,"column":38}},"1":{"start":{"line":8,"column":25},"end":{"line":11,"column":1}},"2":{"start":{"line":13,"column":0},"end":{"line":13,"column":39}}},"fnMap":{},"branchMap":{},"s":{"0":11,"1":11,"2":11},"f":{},"b":{},"_coverageSchema":"332fd63041d2c1bcb487cc26dd0d5f7d97098a6c","hash":"ed34b260a6fb019b64bda914f2fab366591d6b50"}
,"/Users/vsubbaiyan/Documents/projects/personal/reviews-list/src/components/MainWrapper/MainWrapper.js": {"path":"/Users/vsubbaiyan/Documents/projects/personal/reviews-list/src/components/MainWrapper/MainWrapper.js","statementMap":{"0":{"start":{"line":3,"column":20},"end":{"line":6,"column":1}},"1":{"start":{"line":4,"column":25},"end":{"line":4,"column":46}}},"fnMap":{"0":{"name":"(anonymous_0)","decl":{"start":{"line":4,"column":16},"end":{"line":4,"column":17}},"loc":{"start":{"line":4,"column":25},"end":{"line":4,"column":46}},"line":4}},"branchMap":{},"s":{"0":2,"1":2},"f":{"0":2},"b":{},"_coverageSchema":"332fd63041d2c1bcb487cc26dd0d5f7d97098a6c","hash":"0219445923d581a6e7fe3990f25fb4d0b51f2579"}
,"/Users/vsubbaiyan/Documents/projects/personal/reviews-list/src/components/MainWrapper/index.js": {"path":"/Users/vsubbaiyan/Documents/projects/personal/reviews-list/src/components/MainWrapper/index.js","statementMap":{},"fnMap":{},"branchMap":{},"s":{},"f":{},"b":{},"_coverageSchema":"332fd63041d2c1bcb487cc26dd0d5f7d97098a6c","hash":"8f0320a51d7a093465ae84296a9b6e54e09fca34"}
,"/Users/vsubbaiyan/Documents/projects/personal/reviews-list/src/components/ReviewFilter/ReviewFilter.js": {"path":"/Users/vsubbaiyan/Documents/projects/personal/reviews-list/src/components/ReviewFilter/ReviewFilter.js","statementMap":{"0":{"start":{"line":9,"column":21},"end":{"line":46,"column":1}},"1":{"start":{"line":10,"column":25},"end":{"line":12,"column":3}},"2":{"start":{"line":10,"column":33},"end":{"line":12,"column":3}},"3":{"start":{"line":11,"column":4},"end":{"line":11,"column":67}},"4":{"start":{"line":14,"column":14},"end":{"line":14,"column":42}},"5":{"start":{"line":15,"column":2},"end":{"line":45,"column":4}},"6":{"start":{"line":48,"column":0},"end":{"line":54,"column":2}}},"fnMap":{"0":{"name":"(anonymous_0)","decl":{"start":{"line":9,"column":21},"end":{"line":9,"column":22}},"loc":{"start":{"line":9,"column":83},"end":{"line":46,"column":1}},"line":9},"1":{"name":"(anonymous_1)","decl":{"start":{"line":10,"column":25},"end":{"line":10,"column":26}},"loc":{"start":{"line":10,"column":33},"end":{"line":12,"column":3}},"line":10},"2":{"name":"(anonymous_2)","decl":{"start":{"line":10,"column":33},"end":{"line":10,"column":34}},"loc":{"start":{"line":10,"column":42},"end":{"line":12,"column":3}},"line":10}},"branchMap":{"0":{"loc":{"start":{"line":11,"column":23},"end":{"line":11,"column":63}},"type":"cond-expr","locations":[{"start":{"line":11,"column":42},"end":{"line":11,"column":55}},{"start":{"line":11,"column":58},"end":{"line":11,"column":63}}],"line":11}},"s":{"0":3,"1":4,"2":16,"3":0,"4":4,"5":4,"6":3},"f":{"0":4,"1":16,"2":0},"b":{"0":[0,0]},"_coverageSchema":"332fd63041d2c1bcb487cc26dd0d5f7d97098a6c","hash":"ec4ae75f1a65301adf9b12436f2b95bea741c0fc"}
,"/Users/vsubbaiyan/Documents/projects/personal/reviews-list/src/components/ReviewFilter/ReviewFilter.styled.js": {"path":"/Users/vsubbaiyan/Documents/projects/personal/reviews-list/src/components/ReviewFilter/ReviewFilter.styled.js","statementMap":{"0":{"start":{"line":6,"column":34},"end":{"line":16,"column":1}},"1":{"start":{"line":13,"column":28},"end":{"line":13,"column":49}},"2":{"start":{"line":15,"column":13},"end":{"line":15,"column":67}},"3":{"start":{"line":18,"column":37},"end":{"line":25,"column":1}},"4":{"start":{"line":20,"column":27},"end":{"line":20,"column":49}}},"fnMap":{"0":{"name":"(anonymous_0)","decl":{"start":{"line":13,"column":19},"end":{"line":13,"column":20}},"loc":{"start":{"line":13,"column":28},"end":{"line":13,"column":49}},"line":13},"1":{"name":"(anonymous_1)","decl":{"start":{"line":15,"column":4},"end":{"line":15,"column":5}},"loc":{"start":{"line":15,"column":13},"end":{"line":15,"column":67}},"line":15},"2":{"name":"(anonymous_2)","decl":{"start":{"line":20,"column":18},"end":{"line":20,"column":19}},"loc":{"start":{"line":20,"column":27},"end":{"line":20,"column":49}},"line":20}},"branchMap":{},"s":{"0":3,"1":4,"2":4,"3":3,"4":4},"f":{"0":4,"1":4,"2":4},"b":{},"_coverageSchema":"332fd63041d2c1bcb487cc26dd0d5f7d97098a6c","hash":"48b942210fe91e67a802f99ba667897dc6051eb8"}
,"/Users/vsubbaiyan/Documents/projects/personal/reviews-list/src/components/ReviewFilter/index.js": {"path":"/Users/vsubbaiyan/Documents/projects/personal/reviews-list/src/components/ReviewFilter/index.js","statementMap":{"0":{"start":{"line":1,"column":0},"end":{"line":null,"column":-1}}},"fnMap":{},"branchMap":{},"s":{"0":0},"f":{},"b":{}}
,"/Users/vsubbaiyan/Documents/projects/personal/reviews-list/src/components/ReviewGroup/CreatedDate.js": {"path":"/Users/vsubbaiyan/Documents/projects/personal/reviews-list/src/components/ReviewGroup/CreatedDate.js","statementMap":{"0":{"start":{"line":7,"column":20},"end":{"line":12,"column":1}},"1":{"start":{"line":8,"column":2},"end":{"line":11,"column":27}}},"fnMap":{"0":{"name":"(anonymous_0)","decl":{"start":{"line":7,"column":20},"end":{"line":7,"column":21}},"loc":{"start":{"line":8,"column":2},"end":{"line":11,"column":27}},"line":8}},"branchMap":{},"s":{"0":2,"1":0},"f":{"0":0},"b":{},"_coverageSchema":"332fd63041d2c1bcb487cc26dd0d5f7d97098a6c","hash":"faa2481fe21d88c301ad09931ee75b4ebc55de8b"}
,"/Users/vsubbaiyan/Documents/projects/personal/reviews-list/src/components/ReviewGroup/Product.js": {"path":"/Users/vsubbaiyan/Documents/projects/personal/reviews-list/src/components/ReviewGroup/Product.js","statementMap":{"0":{"start":{"line":8,"column":22},"end":{"line":16,"column":1}},"1":{"start":{"line":15,"column":13},"end":{"line":15,"column":67}},"2":{"start":{"line":18,"column":16},"end":{"line":23,"column":1}},"3":{"start":{"line":19,"column":2},"end":{"line":22,"column":27}}},"fnMap":{"0":{"name":"(anonymous_0)","decl":{"start":{"line":15,"column":4},"end":{"line":15,"column":5}},"loc":{"start":{"line":15,"column":13},"end":{"line":15,"column":67}},"line":15},"1":{"name":"(anonymous_1)","decl":{"start":{"line":18,"column":16},"end":{"line":18,"column":17}},"loc":{"start":{"line":19,"column":2},"end":{"line":22,"column":27}},"line":19}},"branchMap":{},"s":{"0":2,"1":0,"2":2,"3":0},"f":{"0":0,"1":0},"b":{},"_coverageSchema":"332fd63041d2c1bcb487cc26dd0d5f7d97098a6c","hash":"a7f4044ea9eef9f0eb422202cb296b0023b9b484"}
,"/Users/vsubbaiyan/Documents/projects/personal/reviews-list/src/components/ReviewGroup/Rating.js": {"path":"/Users/vsubbaiyan/Documents/projects/personal/reviews-list/src/components/ReviewGroup/Rating.js","statementMap":{"0":{"start":{"line":7,"column":18},"end":{"line":7,"column":48}},"1":{"start":{"line":9,"column":15},"end":{"line":17,"column":1}},"2":{"start":{"line":10,"column":2},"end":{"line":16,"column":17}},"3":{"start":{"line":13,"column":18},"end":{"line":13,"column":77}},"4":{"start":{"line":14,"column":6},"end":{"line":14,"column":76}}},"fnMap":{"0":{"name":"(anonymous_0)","decl":{"start":{"line":9,"column":15},"end":{"line":9,"column":16}},"loc":{"start":{"line":10,"column":2},"end":{"line":16,"column":17}},"line":10},"1":{"name":"(anonymous_1)","decl":{"start":{"line":12,"column":19},"end":{"line":12,"column":20}},"loc":{"start":{"line":12,"column":36},"end":{"line":15,"column":5}},"line":12}},"branchMap":{"0":{"loc":{"start":{"line":13,"column":18},"end":{"line":13,"column":77}},"type":"cond-expr","locations":[{"start":{"line":13,"column":34},"end":{"line":13,"column":56}},{"start":{"line":13,"column":59},"end":{"line":13,"column":77}}],"line":13}},"s":{"0":2,"1":2,"2":0,"3":0,"4":0},"f":{"0":0,"1":0},"b":{"0":[0,0]},"_coverageSchema":"332fd63041d2c1bcb487cc26dd0d5f7d97098a6c","hash":"fbc0d5f7bb12b58c4805b6c34adb60b4805287fd"}
,"/Users/vsubbaiyan/Documents/projects/personal/reviews-list/src/components/ReviewGroup/Review.js": {"path":"/Users/vsubbaiyan/Documents/projects/personal/reviews-list/src/components/ReviewGroup/Review.js","statementMap":{"0":{"start":{"line":12,"column":15},"end":{"line":23,"column":1}},"1":{"start":{"line":13,"column":2},"end":{"line":22,"column":18}},"2":{"start":{"line":25,"column":0},"end":{"line":32,"column":2}}},"fnMap":{"0":{"name":"(anonymous_0)","decl":{"start":{"line":12,"column":15},"end":{"line":12,"column":16}},"loc":{"start":{"line":13,"column":2},"end":{"line":22,"column":18}},"line":13}},"branchMap":{},"s":{"0":2,"1":0,"2":2},"f":{"0":0},"b":{},"_coverageSchema":"332fd63041d2c1bcb487cc26dd0d5f7d97098a6c","hash":"66a6955a8a50275e21403cbc464ab0eedae058a3"}
,"/Users/vsubbaiyan/Documents/projects/personal/reviews-list/src/components/ReviewGroup/Review.styled.js": {"path":"/Users/vsubbaiyan/Documents/projects/personal/reviews-list/src/components/ReviewGroup/Review.styled.js","statementMap":{"0":{"start":{"line":4,"column":29},"end":{"line":16,"column":1}},"1":{"start":{"line":6,"column":31},"end":{"line":6,"column":52}},"2":{"start":{"line":7,"column":28},"end":{"line":7,"column":49}},"3":{"start":{"line":8,"column":37},"end":{"line":8,"column":59}},"4":{"start":{"line":18,"column":38},"end":{"line":18,"column":60}},"5":{"start":{"line":20,"column":31},"end":{"line":26,"column":1}},"6":{"start":{"line":25,"column":13},"end":{"line":25,"column":67}},"7":{"start":{"line":28,"column":28},"end":{"line":30,"column":1}}},"fnMap":{"0":{"name":"(anonymous_0)","decl":{"start":{"line":6,"column":22},"end":{"line":6,"column":23}},"loc":{"start":{"line":6,"column":31},"end":{"line":6,"column":52}},"line":6},"1":{"name":"(anonymous_1)","decl":{"start":{"line":7,"column":19},"end":{"line":7,"column":20}},"loc":{"start":{"line":7,"column":28},"end":{"line":7,"column":49}},"line":7},"2":{"name":"(anonymous_2)","decl":{"start":{"line":8,"column":28},"end":{"line":8,"column":29}},"loc":{"start":{"line":8,"column":37},"end":{"line":8,"column":59}},"line":8},"3":{"name":"(anonymous_3)","decl":{"start":{"line":25,"column":4},"end":{"line":25,"column":5}},"loc":{"start":{"line":25,"column":13},"end":{"line":25,"column":67}},"line":25}},"branchMap":{},"s":{"0":2,"1":0,"2":0,"3":0,"4":2,"5":2,"6":0,"7":2},"f":{"0":0,"1":0,"2":0,"3":0},"b":{},"_coverageSchema":"332fd63041d2c1bcb487cc26dd0d5f7d97098a6c","hash":"13675d8ecf58cfa5c1ee0433cf0c7edef95aa4e3"}
,"/Users/vsubbaiyan/Documents/projects/personal/reviews-list/src/components/ReviewGroup/ReviewGroup.js": {"path":"/Users/vsubbaiyan/Documents/projects/personal/reviews-list/src/components/ReviewGroup/ReviewGroup.js","statementMap":{"0":{"start":{"line":5,"column":20},"end":{"line":10,"column":1}},"1":{"start":{"line":6,"column":2},"end":{"line":9,"column":19}},"2":{"start":{"line":8,"column":27},"end":{"line":8,"column":71}}},"fnMap":{"0":{"name":"(anonymous_0)","decl":{"start":{"line":5,"column":20},"end":{"line":5,"column":21}},"loc":{"start":{"line":6,"column":2},"end":{"line":9,"column":19}},"line":6},"1":{"name":"(anonymous_1)","decl":{"start":{"line":8,"column":17},"end":{"line":8,"column":18}},"loc":{"start":{"line":8,"column":27},"end":{"line":8,"column":71}},"line":8}},"branchMap":{},"s":{"0":2,"1":0,"2":0},"f":{"0":0,"1":0},"b":{},"_coverageSchema":"332fd63041d2c1bcb487cc26dd0d5f7d97098a6c","hash":"f0a2136e599829bf6d9e1100f836e21ab8b16ade"}
,"/Users/vsubbaiyan/Documents/projects/personal/reviews-list/src/components/ReviewGroup/index.js": {"path":"/Users/vsubbaiyan/Documents/projects/personal/reviews-list/src/components/ReviewGroup/index.js","statementMap":{},"fnMap":{},"branchMap":{},"s":{},"f":{},"b":{},"_coverageSchema":"332fd63041d2c1bcb487cc26dd0d5f7d97098a6c","hash":"b6c94a9a915d54a28bde4b71dd5c4b623e2562fb"}
,"/Users/vsubbaiyan/Documents/projects/personal/reviews-list/src/components/Reviews/Reviews.js": {"path":"/Users/vsubbaiyan/Documents/projects/personal/reviews-list/src/components/Reviews/Reviews.js","statementMap":{"0":{"start":{"line":38,"column":4},"end":{"line":38,"column":63}},"1":{"start":{"line":39,"column":4},"end":{"line":39,"column":60}},"2":{"start":{"line":43,"column":4},"end":{"line":43,"column":63}},"3":{"start":{"line":47,"column":33},"end":{"line":47,"column":43}},"4":{"start":{"line":49,"column":4},"end":{"line":51,"column":5}},"5":{"start":{"line":50,"column":6},"end":{"line":50,"column":13}},"6":{"start":{"line":53,"column":22},"end":{"line":53,"column":89}},"7":{"start":{"line":54,"column":28},"end":{"line":54,"column":80}},"8":{"start":{"line":55,"column":25},"end":{"line":55,"column":64}},"9":{"start":{"line":57,"column":4},"end":{"line":59,"column":5}},"10":{"start":{"line":58,"column":6},"end":{"line":58,"column":69}},"11":{"start":{"line":63,"column":4},"end":{"line":63,"column":38}},"12":{"start":{"line":65,"column":4},"end":{"line":74,"column":14}},"13":{"start":{"line":66,"column":24},"end":{"line":66,"column":25}},"14":{"start":{"line":68,"column":6},"end":{"line":71,"column":9}},"15":{"start":{"line":69,"column":8},"end":{"line":69,"column":34}},"16":{"start":{"line":70,"column":8},"end":{"line":70,"column":61}},"17":{"start":{"line":73,"column":6},"end":{"line":73,"column":39}},"18":{"start":{"line":78,"column":4},"end":{"line":78,"column":26}},"19":{"start":{"line":80,"column":4},"end":{"line":83,"column":12}},"20":{"start":{"line":81,"column":6},"end":{"line":81,"column":29}},"21":{"start":{"line":82,"column":6},"end":{"line":82,"column":32}},"22":{"start":{"line":87,"column":54},"end":{"line":87,"column":64}},"23":{"start":{"line":89,"column":28},"end":{"line":91,"column":65}},"24":{"start":{"line":90,"column":24},"end":{"line":90,"column":46}},"25":{"start":{"line":91,"column":24},"end":{"line":91,"column":64}},"26":{"start":{"line":93,"column":27},"end":{"line":93,"column":75}},"27":{"start":{"line":94,"column":24},"end":{"line":94,"column":104}},"28":{"start":{"line":94,"column":75},"end":{"line":94,"column":95}},"29":{"start":{"line":96,"column":4},"end":{"line":99,"column":5}},"30":{"start":{"line":97,"column":6},"end":{"line":97,"column":29}},"31":{"start":{"line":98,"column":6},"end":{"line":98,"column":13}},"32":{"start":{"line":101,"column":4},"end":{"line":107,"column":7}},"33":{"start":{"line":102,"column":6},"end":{"line":106,"column":8}},"34":{"start":{"line":105,"column":76},"end":{"line":105,"column":99}},"35":{"start":{"line":111,"column":4},"end":{"line":131,"column":5}},"36":{"start":{"line":135,"column":32},"end":{"line":135,"column":37}}},"fnMap":{"0":{"name":"(anonymous_0)","decl":{"start":{"line":37,"column":2},"end":{"line":37,"column":3}},"loc":{"start":{"line":37,"column":22},"end":{"line":40,"column":3}},"line":37},"1":{"name":"(anonymous_1)","decl":{"start":{"line":42,"column":2},"end":{"line":42,"column":3}},"loc":{"start":{"line":42,"column":25},"end":{"line":44,"column":3}},"line":42},"2":{"name":"(anonymous_2)","decl":{"start":{"line":46,"column":20},"end":{"line":46,"column":21}},"loc":{"start":{"line":46,"column":26},"end":{"line":60,"column":3}},"line":46},"3":{"name":"(anonymous_3)","decl":{"start":{"line":62,"column":18},"end":{"line":62,"column":19}},"loc":{"start":{"line":62,"column":24},"end":{"line":75,"column":3}},"line":62},"4":{"name":"(anonymous_4)","decl":{"start":{"line":65,"column":13},"end":{"line":65,"column":14}},"loc":{"start":{"line":65,"column":19},"end":{"line":74,"column":5}},"line":65},"5":{"name":"(anonymous_5)","decl":{"start":{"line":68,"column":12},"end":{"line":68,"column":13}},"loc":{"start":{"line":68,"column":18},"end":{"line":71,"column":7}},"line":68},"6":{"name":"(anonymous_6)","decl":{"start":{"line":77,"column":18},"end":{"line":77,"column":19}},"loc":{"start":{"line":77,"column":28},"end":{"line":84,"column":3}},"line":77},"7":{"name":"(anonymous_7)","decl":{"start":{"line":80,"column":10},"end":{"line":80,"column":11}},"loc":{"start":{"line":80,"column":16},"end":{"line":83,"column":5}},"line":80},"8":{"name":"(anonymous_8)","decl":{"start":{"line":86,"column":18},"end":{"line":86,"column":19}},"loc":{"start":{"line":86,"column":24},"end":{"line":108,"column":3}},"line":86},"9":{"name":"(anonymous_9)","decl":{"start":{"line":90,"column":14},"end":{"line":90,"column":15}},"loc":{"start":{"line":90,"column":24},"end":{"line":90,"column":46}},"line":90},"10":{"name":"(anonymous_10)","decl":{"start":{"line":91,"column":14},"end":{"line":91,"column":15}},"loc":{"start":{"line":91,"column":24},"end":{"line":91,"column":64}},"line":91},"11":{"name":"(anonymous_11)","decl":{"start":{"line":94,"column":61},"end":{"line":94,"column":62}},"loc":{"start":{"line":94,"column":75},"end":{"line":94,"column":95}},"line":94},"12":{"name":"(anonymous_12)","decl":{"start":{"line":101,"column":27},"end":{"line":101,"column":28}},"loc":{"start":{"line":102,"column":6},"end":{"line":106,"column":8}},"line":102},"13":{"name":"(anonymous_13)","decl":{"start":{"line":105,"column":53},"end":{"line":105,"column":54}},"loc":{"start":{"line":105,"column":76},"end":{"line":105,"column":99}},"line":105},"14":{"name":"(anonymous_14)","decl":{"start":{"line":110,"column":2},"end":{"line":110,"column":3}},"loc":{"start":{"line":110,"column":11},"end":{"line":132,"column":3}},"line":110},"15":{"name":"(anonymous_15)","decl":{"start":{"line":135,"column":23},"end":{"line":135,"column":24}},"loc":{"start":{"line":135,"column":32},"end":{"line":135,"column":37}},"line":135}},"branchMap":{"0":{"loc":{"start":{"line":49,"column":4},"end":{"line":51,"column":5}},"type":"if","locations":[{"start":{"line":49,"column":4},"end":{"line":51,"column":5}},{"start":{"line":49,"column":4},"end":{"line":51,"column":5}}],"line":49},"1":{"loc":{"start":{"line":49,"column":8},"end":{"line":49,"column":27}},"type":"binary-expr","locations":[{"start":{"line":49,"column":8},"end":{"line":49,"column":15}},{"start":{"line":49,"column":19},"end":{"line":49,"column":27}}],"line":49},"2":{"loc":{"start":{"line":53,"column":22},"end":{"line":53,"column":89}},"type":"binary-expr","locations":[{"start":{"line":53,"column":22},"end":{"line":53,"column":83}},{"start":{"line":53,"column":87},"end":{"line":53,"column":89}}],"line":53},"3":{"loc":{"start":{"line":57,"column":4},"end":{"line":59,"column":5}},"type":"if","locations":[{"start":{"line":57,"column":4},"end":{"line":59,"column":5}},{"start":{"line":57,"column":4},"end":{"line":59,"column":5}}],"line":57},"4":{"loc":{"start":{"line":57,"column":8},"end":{"line":57,"column":62}},"type":"binary-expr","locations":[{"start":{"line":57,"column":9},"end":{"line":57,"column":39}},{"start":{"line":57,"column":44},"end":{"line":57,"column":62}}],"line":57},"5":{"loc":{"start":{"line":91,"column":24},"end":{"line":91,"column":64}},"type":"binary-expr","locations":[{"start":{"line":91,"column":24},"end":{"line":91,"column":31}},{"start":{"line":91,"column":35},"end":{"line":91,"column":64}}],"line":91},"6":{"loc":{"start":{"line":96,"column":4},"end":{"line":99,"column":5}},"type":"if","locations":[{"start":{"line":96,"column":4},"end":{"line":99,"column":5}},{"start":{"line":96,"column":4},"end":{"line":99,"column":5}}],"line":96},"7":{"loc":{"start":{"line":129,"column":9},"end":{"line":129,"column":77}},"type":"binary-expr","locations":[{"start":{"line":129,"column":9},"end":{"line":129,"column":27}},{"start":{"line":129,"column":31},"end":{"line":129,"column":77}}],"line":129}},"s":{"0":3,"1":3,"2":1,"3":5,"4":5,"5":5,"6":0,"7":0,"8":0,"9":0,"10":0,"11":0,"12":0,"13":0,"14":0,"15":0,"16":0,"17":0,"18":0,"19":0,"20":0,"21":0,"22":5,"23":5,"24":0,"25":0,"26":5,"27":5,"28":0,"29":5,"30":5,"31":5,"32":0,"33":0,"34":0,"35":5,"36":7},"f":{"0":3,"1":1,"2":5,"3":0,"4":0,"5":0,"6":0,"7":0,"8":5,"9":0,"10":0,"11":0,"12":0,"13":0,"14":5,"15":7},"b":{"0":[5,0],"1":[5,2],"2":[0,0],"3":[0,0],"4":[0,0],"5":[0,0],"6":[5,0],"7":[5,3]},"_coverageSchema":"332fd63041d2c1bcb487cc26dd0d5f7d97098a6c","hash":"1133f13296871475d42adf598442ba379d79be0e"}
,"/Users/vsubbaiyan/Documents/projects/personal/reviews-list/src/components/Reviews/Reviews.styled.js": {"path":"/Users/vsubbaiyan/Documents/projects/personal/reviews-list/src/components/Reviews/Reviews.styled.js","statementMap":{"0":{"start":{"line":4,"column":34},"end":{"line":10,"column":1}},"1":{"start":{"line":9,"column":13},"end":{"line":9,"column":68}},"2":{"start":{"line":13,"column":28},"end":{"line":17,"column":1}}},"fnMap":{"0":{"name":"(anonymous_0)","decl":{"start":{"line":9,"column":4},"end":{"line":9,"column":5}},"loc":{"start":{"line":9,"column":13},"end":{"line":9,"column":68}},"line":9}},"branchMap":{},"s":{"0":2,"1":5,"2":2},"f":{"0":5},"b":{},"_coverageSchema":"332fd63041d2c1bcb487cc26dd0d5f7d97098a6c","hash":"c09ee022617ef62334d9ee7b25453c0b85657969"}
,"/Users/vsubbaiyan/Documents/projects/personal/reviews-list/src/components/Reviews/index.js": {"path":"/Users/vsubbaiyan/Documents/projects/personal/reviews-list/src/components/Reviews/index.js","statementMap":{},"fnMap":{},"branchMap":{},"s":{},"f":{},"b":{},"_coverageSchema":"332fd63041d2c1bcb487cc26dd0d5f7d97098a6c","hash":"0124477f3b53b87b6c306a78571a00238d70be75"}
,"/Users/vsubbaiyan/Documents/projects/personal/reviews-list/src/components/base/Base.styled.js": {"path":"/Users/vsubbaiyan/Documents/projects/personal/reviews-list/src/components/base/Base.styled.js","statementMap":{"0":{"start":{"line":4,"column":24},"end":{"line":6,"column":1}},"1":{"start":{"line":8,"column":24},"end":{"line":13,"column":1}},"2":{"start":{"line":15,"column":24},"end":{"line":18,"column":1}},"3":{"start":{"line":20,"column":24},"end":{"line":25,"column":1}},"4":{"start":{"line":27,"column":26},"end":{"line":40,"column":1}},"5":{"start":{"line":42,"column":27},"end":{"line":55,"column":1}},"6":{"start":{"line":43,"column":25},"end":{"line":43,"column":38}},"7":{"start":{"line":44,"column":26},"end":{"line":44,"column":42}},"8":{"start":{"line":45,"column":13},"end":{"line":53,"column":3}},"9":{"start":{"line":57,"column":0},"end":{"line":60,"column":2}},"10":{"start":{"line":62,"column":28},"end":{"line":79,"column":1}},"11":{"start":{"line":70,"column":25},"end":{"line":70,"column":41}},"12":{"start":{"line":71,"column":31},"end":{"line":71,"column":47}},"13":{"start":{"line":72,"column":28},"end":{"line":72,"column":52}},"14":{"start":{"line":76,"column":27},"end":{"line":76,"column":47}},"15":{"start":{"line":77,"column":33},"end":{"line":77,"column":53}},"16":{"start":{"line":82,"column":31},"end":{"line":88,"column":1}},"17":{"start":{"line":90,"column":27},"end":{"line":94,"column":1}}},"fnMap":{"0":{"name":"(anonymous_0)","decl":{"start":{"line":43,"column":16},"end":{"line":43,"column":17}},"loc":{"start":{"line":43,"column":25},"end":{"line":43,"column":38}},"line":43},"1":{"name":"(anonymous_1)","decl":{"start":{"line":44,"column":17},"end":{"line":44,"column":18}},"loc":{"start":{"line":44,"column":26},"end":{"line":44,"column":42}},"line":44},"2":{"name":"(anonymous_2)","decl":{"start":{"line":45,"column":4},"end":{"line":45,"column":5}},"loc":{"start":{"line":45,"column":13},"end":{"line":53,"column":3}},"line":45},"3":{"name":"(anonymous_3)","decl":{"start":{"line":70,"column":16},"end":{"line":70,"column":17}},"loc":{"start":{"line":70,"column":25},"end":{"line":70,"column":41}},"line":70},"4":{"name":"(anonymous_4)","decl":{"start":{"line":71,"column":22},"end":{"line":71,"column":23}},"loc":{"start":{"line":71,"column":31},"end":{"line":71,"column":47}},"line":71},"5":{"name":"(anonymous_5)","decl":{"start":{"line":72,"column":19},"end":{"line":72,"column":20}},"loc":{"start":{"line":72,"column":28},"end":{"line":72,"column":52}},"line":72},"6":{"name":"(anonymous_6)","decl":{"start":{"line":76,"column":18},"end":{"line":76,"column":19}},"loc":{"start":{"line":76,"column":27},"end":{"line":76,"column":47}},"line":76},"7":{"name":"(anonymous_7)","decl":{"start":{"line":77,"column":24},"end":{"line":77,"column":25}},"loc":{"start":{"line":77,"column":33},"end":{"line":77,"column":53}},"line":77}},"branchMap":{"0":{"loc":{"start":{"line":45,"column":13},"end":{"line":53,"column":3}},"type":"binary-expr","locations":[{"start":{"line":45,"column":13},"end":{"line":45,"column":24}},{"start":{"line":45,"column":28},"end":{"line":53,"column":3}}],"line":45}},"s":{"0":5,"1":5,"2":5,"3":5,"4":5,"5":5,"6":0,"7":0,"8":0,"9":5,"10":5,"11":5,"12":5,"13":5,"14":5,"15":5,"16":5,"17":5},"f":{"0":0,"1":0,"2":0,"3":5,"4":5,"5":5,"6":5,"7":5},"b":{"0":[0,0]},"_coverageSchema":"332fd63041d2c1bcb487cc26dd0d5f7d97098a6c","hash":"2d39b1a9d197ec57fe41d5c549caafa6a470f25e"}
,"/Users/vsubbaiyan/Documents/projects/personal/reviews-list/src/components/base/index.js": {"path":"/Users/vsubbaiyan/Documents/projects/personal/reviews-list/src/components/base/index.js","statementMap":{},"fnMap":{},"branchMap":{},"s":{},"f":{},"b":{},"_coverageSchema":"332fd63041d2c1bcb487cc26dd0d5f7d97098a6c","hash":"ce50160eda86210c7d3af41646caa89fe6348f79"}
,"/Users/vsubbaiyan/Documents/projects/personal/reviews-list/src/components/base/Header/Header.js": {"path":"/Users/vsubbaiyan/Documents/projects/personal/reviews-list/src/components/base/Header/Header.js","statementMap":{"0":{"start":{"line":6,"column":15},"end":{"line":9,"column":18}},"1":{"start":{"line":7,"column":2},"end":{"line":9,"column":17}}},"fnMap":{"0":{"name":"(anonymous_0)","decl":{"start":{"line":6,"column":15},"end":{"line":6,"column":16}},"loc":{"start":{"line":7,"column":2},"end":{"line":9,"column":17}},"line":7}},"branchMap":{},"s":{"0":4,"1":2},"f":{"0":2},"b":{},"_coverageSchema":"332fd63041d2c1bcb487cc26dd0d5f7d97098a6c","hash":"432e5d0d79bf84020b86b421ebf3d2402735ce62"}
,"/Users/vsubbaiyan/Documents/projects/personal/reviews-list/src/components/base/Header/Header.styled.js": {"path":"/Users/vsubbaiyan/Documents/projects/personal/reviews-list/src/components/base/Header/Header.styled.js","statementMap":{"0":{"start":{"line":3,"column":21},"end":{"line":16,"column":1}},"1":{"start":{"line":4,"column":25},"end":{"line":4,"column":42}}},"fnMap":{"0":{"name":"(anonymous_0)","decl":{"start":{"line":4,"column":16},"end":{"line":4,"column":17}},"loc":{"start":{"line":4,"column":25},"end":{"line":4,"column":42}},"line":4}},"branchMap":{},"s":{"0":4,"1":2},"f":{"0":2},"b":{},"_coverageSchema":"332fd63041d2c1bcb487cc26dd0d5f7d97098a6c","hash":"6f8da3c19a2e8f00171eb12882e2498dbfcd7614"}
,"/Users/vsubbaiyan/Documents/projects/personal/reviews-list/src/components/base/Header/index.js": {"path":"/Users/vsubbaiyan/Documents/projects/personal/reviews-list/src/components/base/Header/index.js","statementMap":{},"fnMap":{},"branchMap":{},"s":{},"f":{},"b":{},"_coverageSchema":"332fd63041d2c1bcb487cc26dd0d5f7d97098a6c","hash":"202663d7f1a93dda28f2121f3126b11984a56f00"}
,"/Users/vsubbaiyan/Documents/projects/personal/reviews-list/src/components/base/Icon/Icon.js": {"path":"/Users/vsubbaiyan/Documents/projects/personal/reviews-list/src/components/base/Icon/Icon.js","statementMap":{"0":{"start":{"line":10,"column":13},"end":{"line":18,"column":1}},"1":{"start":{"line":11,"column":26},"end":{"line":11,"column":36}},"2":{"start":{"line":13,"column":2},"end":{"line":17,"column":3}},"3":{"start":{"line":20,"column":0},"end":{"line":22,"column":2}}},"fnMap":{"0":{"name":"(anonymous_0)","decl":{"start":{"line":10,"column":13},"end":{"line":10,"column":14}},"loc":{"start":{"line":10,"column":22},"end":{"line":18,"column":1}},"line":10}},"branchMap":{},"s":{"0":4,"1":1,"2":1,"3":4},"f":{"0":1},"b":{},"_coverageSchema":"332fd63041d2c1bcb487cc26dd0d5f7d97098a6c","hash":"1e03247e544ad96b93f8f195e1a2689960a5e4c0"}
,"/Users/vsubbaiyan/Documents/projects/personal/reviews-list/src/components/base/Icon/index.js": {"path":"/Users/vsubbaiyan/Documents/projects/personal/reviews-list/src/components/base/Icon/index.js","statementMap":{},"fnMap":{},"branchMap":{},"s":{},"f":{},"b":{},"_coverageSchema":"332fd63041d2c1bcb487cc26dd0d5f7d97098a6c","hash":"679268a523c9dc2b9ec53a7b1103487aa70e4b9b"}
,"/Users/vsubbaiyan/Documents/projects/personal/reviews-list/src/components/base/Select/Select.js": {"path":"/Users/vsubbaiyan/Documents/projects/personal/reviews-list/src/components/base/Select/Select.js","statementMap":{"0":{"start":{"line":34,"column":4},"end":{"line":36,"column":5}},"1":{"start":{"line":35,"column":6},"end":{"line":35,"column":34}},"2":{"start":{"line":40,"column":4},"end":{"line":40,"column":52}},"3":{"start":{"line":41,"column":4},"end":{"line":41,"column":51}},"4":{"start":{"line":45,"column":4},"end":{"line":54,"column":6}},"5":{"start":{"line":52,"column":53},"end":{"line":52,"column":101}}},"fnMap":{"0":{"name":"(anonymous_0)","decl":{"start":{"line":33,"column":2},"end":{"line":33,"column":3}},"loc":{"start":{"line":33,"column":42},"end":{"line":37,"column":3}},"line":33},"1":{"name":"(anonymous_1)","decl":{"start":{"line":39,"column":19},"end":{"line":39,"column":20}},"loc":{"start":{"line":39,"column":28},"end":{"line":42,"column":3}},"line":39},"2":{"name":"(anonymous_2)","decl":{"start":{"line":44,"column":2},"end":{"line":44,"column":3}},"loc":{"start":{"line":44,"column":11},"end":{"line":55,"column":3}},"line":44},"3":{"name":"(anonymous_3)","decl":{"start":{"line":52,"column":32},"end":{"line":52,"column":33}},"loc":{"start":{"line":52,"column":53},"end":{"line":52,"column":101}},"line":52}},"branchMap":{"0":{"loc":{"start":{"line":34,"column":4},"end":{"line":36,"column":5}},"type":"if","locations":[{"start":{"line":34,"column":4},"end":{"line":36,"column":5}},{"start":{"line":34,"column":4},"end":{"line":36,"column":5}}],"line":34}},"s":{"0":0,"1":0,"2":1,"3":1,"4":15,"5":46},"f":{"0":0,"1":1,"2":15,"3":46},"b":{"0":[0,0]},"_coverageSchema":"332fd63041d2c1bcb487cc26dd0d5f7d97098a6c","hash":"b3b1e3863804e9befadcbf36b6721bea47f64b69"}
,"/Users/vsubbaiyan/Documents/projects/personal/reviews-list/src/components/base/Select/Select.style.js": {"path":"/Users/vsubbaiyan/Documents/projects/personal/reviews-list/src/components/base/Select/Select.style.js","statementMap":{"0":{"start":{"line":4,"column":21},"end":{"line":13,"column":1}},"1":{"start":{"line":5,"column":28},"end":{"line":5,"column":57}},"2":{"start":{"line":6,"column":31},"end":{"line":6,"column":88}},"3":{"start":{"line":7,"column":31},"end":{"line":7,"column":52}},"4":{"start":{"line":8,"column":24},"end":{"line":8,"column":46}}},"fnMap":{"0":{"name":"(anonymous_0)","decl":{"start":{"line":5,"column":19},"end":{"line":5,"column":20}},"loc":{"start":{"line":5,"column":28},"end":{"line":5,"column":57}},"line":5},"1":{"name":"(anonymous_1)","decl":{"start":{"line":6,"column":22},"end":{"line":6,"column":23}},"loc":{"start":{"line":6,"column":31},"end":{"line":6,"column":88}},"line":6},"2":{"name":"(anonymous_2)","decl":{"start":{"line":7,"column":22},"end":{"line":7,"column":23}},"loc":{"start":{"line":7,"column":31},"end":{"line":7,"column":52}},"line":7},"3":{"name":"(anonymous_3)","decl":{"start":{"line":8,"column":15},"end":{"line":8,"column":16}},"loc":{"start":{"line":8,"column":24},"end":{"line":8,"column":46}},"line":8}},"branchMap":{"0":{"loc":{"start":{"line":6,"column":31},"end":{"line":6,"column":88}},"type":"cond-expr","locations":[{"start":{"line":6,"column":48},"end":{"line":6,"column":69}},{"start":{"line":6,"column":72},"end":{"line":6,"column":88}}],"line":6}},"s":{"0":4,"1":15,"2":15,"3":15,"4":15},"f":{"0":15,"1":15,"2":15,"3":15},"b":{"0":[0,15]},"_coverageSchema":"332fd63041d2c1bcb487cc26dd0d5f7d97098a6c","hash":"0d48b4624b542224d9f629370e11d2c4046bb77d"}
,"/Users/vsubbaiyan/Documents/projects/personal/reviews-list/src/components/base/Select/index.js": {"path":"/Users/vsubbaiyan/Documents/projects/personal/reviews-list/src/components/base/Select/index.js","statementMap":{},"fnMap":{},"branchMap":{},"s":{},"f":{},"b":{},"_coverageSchema":"332fd63041d2c1bcb487cc26dd0d5f7d97098a6c","hash":"b95d687e487d4ba74331ecce742aab85bbb1c772"}
,"/Users/vsubbaiyan/Documents/projects/personal/reviews-list/src/components/base/Spinner/Spinner.js": {"path":"/Users/vsubbaiyan/Documents/projects/personal/reviews-list/src/components/base/Spinner/Spinner.js","statementMap":{"0":{"start":{"line":3,"column":16},"end":{"line":30,"column":1}},"1":{"start":{"line":8,"column":31},"end":{"line":8,"column":53}},"2":{"start":{"line":19,"column":37},"end":{"line":19,"column":56}}},"fnMap":{"0":{"name":"(anonymous_0)","decl":{"start":{"line":8,"column":22},"end":{"line":8,"column":23}},"loc":{"start":{"line":8,"column":31},"end":{"line":8,"column":53}},"line":8},"1":{"name":"(anonymous_1)","decl":{"start":{"line":19,"column":28},"end":{"line":19,"column":29}},"loc":{"start":{"line":19,"column":37},"end":{"line":19,"column":56}},"line":19}},"branchMap":{},"s":{"0":4,"1":4,"2":4},"f":{"0":4,"1":4},"b":{},"_coverageSchema":"332fd63041d2c1bcb487cc26dd0d5f7d97098a6c","hash":"5fd2b2ed37bdf85660a63f3594fcf2b947228c92"}
,"/Users/vsubbaiyan/Documents/projects/personal/reviews-list/src/components/base/Spinner/index.js": {"path":"/Users/vsubbaiyan/Documents/projects/personal/reviews-list/src/components/base/Spinner/index.js","statementMap":{},"fnMap":{},"branchMap":{},"s":{},"f":{},"b":{},"_coverageSchema":"332fd63041d2c1bcb487cc26dd0d5f7d97098a6c","hash":"1090e7fee4cdd5651df9b5e49c824de91177ba8a"}
,"/Users/vsubbaiyan/Documents/projects/personal/reviews-list/src/components/base/TextInput/TextInput.js": {"path":"/Users/vsubbaiyan/Documents/projects/personal/reviews-list/src/components/base/TextInput/TextInput.js","statementMap":{"0":{"start":{"line":30,"column":4},"end":{"line":30,"column":49}},"1":{"start":{"line":31,"column":4},"end":{"line":31,"column":51}},"2":{"start":{"line":35,"column":32},"end":{"line":35,"column":42}},"3":{"start":{"line":37,"column":4},"end":{"line":45,"column":6}}},"fnMap":{"0":{"name":"(anonymous_0)","decl":{"start":{"line":29,"column":19},"end":{"line":29,"column":20}},"loc":{"start":{"line":29,"column":28},"end":{"line":32,"column":3}},"line":29},"1":{"name":"(anonymous_1)","decl":{"start":{"line":34,"column":2},"end":{"line":34,"column":3}},"loc":{"start":{"line":34,"column":11},"end":{"line":46,"column":3}},"line":34}},"branchMap":{},"s":{"0":1,"1":1,"2":7,"3":7},"f":{"0":1,"1":7},"b":{},"_coverageSchema":"332fd63041d2c1bcb487cc26dd0d5f7d97098a6c","hash":"996ddc63e9e2ffdd4fc37531995b24461a3af211"}
,"/Users/vsubbaiyan/Documents/projects/personal/reviews-list/src/components/base/TextInput/TextInput.styled.js": {"path":"/Users/vsubbaiyan/Documents/projects/personal/reviews-list/src/components/base/TextInput/TextInput.styled.js","statementMap":{"0":{"start":{"line":4,"column":31},"end":{"line":17,"column":1}},"1":{"start":{"line":5,"column":13},"end":{"line":10,"column":3}}},"fnMap":{"0":{"name":"(anonymous_0)","decl":{"start":{"line":5,"column":4},"end":{"line":5,"column":5}},"loc":{"start":{"line":5,"column":13},"end":{"line":10,"column":3}},"line":5}},"branchMap":{},"s":{"0":4,"1":7},"f":{"0":7},"b":{},"_coverageSchema":"332fd63041d2c1bcb487cc26dd0d5f7d97098a6c","hash":"216bba8158cb49fb3c093ed1408a5293311600ba"}
,"/Users/vsubbaiyan/Documents/projects/personal/reviews-list/src/components/base/TextInput/index.js": {"path":"/Users/vsubbaiyan/Documents/projects/personal/reviews-list/src/components/base/TextInput/index.js","statementMap":{},"fnMap":{},"branchMap":{},"s":{},"f":{},"b":{},"_coverageSchema":"332fd63041d2c1bcb487cc26dd0d5f7d97098a6c","hash":"cd4fcdf5cd8fb45f0b07bb3e03c7024d6624e11c"}
,"/Users/vsubbaiyan/Documents/projects/personal/reviews-list/src/helpers/config.js": {"path":"/Users/vsubbaiyan/Documents/projects/personal/reviews-list/src/helpers/config.js","statementMap":{"0":{"start":{"line":1,"column":21},"end":{"line":19,"column":1}}},"fnMap":{},"branchMap":{},"s":{"0":11},"f":{},"b":{},"_coverageSchema":"332fd63041d2c1bcb487cc26dd0d5f7d97098a6c","hash":"b2aa0d6919d24d5673ff825491ee80fabcfa1846"}
,"/Users/vsubbaiyan/Documents/projects/personal/reviews-list/src/helpers/testUtil.js": {"path":"/Users/vsubbaiyan/Documents/projects/personal/reviews-list/src/helpers/testUtil.js","statementMap":{"0":{"start":{"line":9,"column":38},"end":{"line":19,"column":1}},"1":{"start":{"line":11,"column":4},"end":{"line":13,"column":20}},"2":{"start":{"line":15,"column":27},"end":{"line":15,"column":76}},"3":{"start":{"line":16,"column":2},"end":{"line":16,"column":95}},"4":{"start":{"line":16,"column":38},"end":{"line":16,"column":94}},"5":{"start":{"line":18,"column":2},"end":{"line":18,"column":26}},"6":{"start":{"line":21,"column":26},"end":{"line":21,"column":39}},"7":{"start":{"line":22,"column":28},"end":{"line":22,"column":51}},"8":{"start":{"line":22,"column":45},"end":{"line":22,"column":50}},"9":{"start":{"line":24,"column":26},"end":{"line":28,"column":1}},"10":{"start":{"line":30,"column":27},"end":{"line":36,"column":1}},"11":{"start":{"line":38,"column":35},"end":{"line":41,"column":1}},"12":{"start":{"line":43,"column":36},"end":{"line":48,"column":1}}},"fnMap":{"0":{"name":"(anonymous_0)","decl":{"start":{"line":9,"column":38},"end":{"line":9,"column":39}},"loc":{"start":{"line":9,"column":67},"end":{"line":19,"column":1}},"line":9},"1":{"name":"(anonymous_1)","decl":{"start":{"line":16,"column":32},"end":{"line":16,"column":33}},"loc":{"start":{"line":16,"column":38},"end":{"line":16,"column":94}},"line":16},"2":{"name":"(anonymous_2)","decl":{"start":{"line":22,"column":36},"end":{"line":22,"column":37}},"loc":{"start":{"line":22,"column":45},"end":{"line":22,"column":50}},"line":22}},"branchMap":{"0":{"loc":{"start":{"line":15,"column":27},"end":{"line":15,"column":76}},"type":"cond-expr","locations":[{"start":{"line":15,"column":39},"end":{"line":15,"column":57}},{"start":{"line":15,"column":60},"end":{"line":15,"column":76}}],"line":15}},"s":{"0":11,"1":11,"2":11,"3":11,"4":8,"5":11,"6":11,"7":11,"8":1,"9":11,"10":11,"11":11,"12":11},"f":{"0":11,"1":8,"2":1},"b":{"0":[0,11]},"_coverageSchema":"332fd63041d2c1bcb487cc26dd0d5f7d97098a6c","hash":"422fca1542a87953f727f1ce58e4dbec54d25d3c"}
,"/Users/vsubbaiyan/Documents/projects/personal/reviews-list/src/helpers/util.js": {"path":"/Users/vsubbaiyan/Documents/projects/personal/reviews-list/src/helpers/util.js","statementMap":{"0":{"start":{"line":6,"column":23},"end":{"line":6,"column":62}},"1":{"start":{"line":6,"column":32},"end":{"line":6,"column":62}},"2":{"start":{"line":8,"column":24},"end":{"line":12,"column":3}},"3":{"start":{"line":8,"column":38},"end":{"line":12,"column":3}},"4":{"start":{"line":8,"column":51},"end":{"line":12,"column":3}},"5":{"start":{"line":14,"column":25},"end":{"line":20,"column":1}},"6":{"start":{"line":22,"column":23},"end":{"line":22,"column":53}},"7":{"start":{"line":22,"column":32},"end":{"line":22,"column":53}},"8":{"start":{"line":26,"column":27},"end":{"line":35,"column":1}},"9":{"start":{"line":27,"column":2},"end":{"line":34,"column":3}},"10":{"start":{"line":29,"column":6},"end":{"line":29,"column":93}},"11":{"start":{"line":31,"column":6},"end":{"line":31,"column":44}},"12":{"start":{"line":33,"column":6},"end":{"line":33,"column":47}},"13":{"start":{"line":37,"column":27},"end":{"line":42,"column":1}},"14":{"start":{"line":38,"column":24},"end":{"line":38,"column":42}},"15":{"start":{"line":39,"column":25},"end":{"line":39,"column":44}},"16":{"start":{"line":41,"column":2},"end":{"line":41,"column":48}},"17":{"start":{"line":44,"column":29},"end":{"line":48,"column":1}},"18":{"start":{"line":45,"column":29},"end":{"line":45,"column":35}},"19":{"start":{"line":47,"column":2},"end":{"line":47,"column":89}},"20":{"start":{"line":50,"column":31},"end":{"line":68,"column":1}},"21":{"start":{"line":50,"column":40},"end":{"line":68,"column":1}},"22":{"start":{"line":55,"column":23},"end":{"line":55,"column":53}},"23":{"start":{"line":57,"column":2},"end":{"line":67,"column":3}},"24":{"start":{"line":59,"column":6},"end":{"line":59,"column":39}},"25":{"start":{"line":62,"column":6},"end":{"line":62,"column":40}},"26":{"start":{"line":65,"column":6},"end":{"line":65,"column":26}},"27":{"start":{"line":70,"column":29},"end":{"line":70,"column":102}},"28":{"start":{"line":72,"column":30},"end":{"line":76,"column":1}},"29":{"start":{"line":78,"column":29},"end":{"line":84,"column":1}},"30":{"start":{"line":86,"column":38},"end":{"line":89,"column":4}},"31":{"start":{"line":86,"column":45},"end":{"line":89,"column":4}}},"fnMap":{"0":{"name":"(anonymous_0)","decl":{"start":{"line":6,"column":23},"end":{"line":6,"column":24}},"loc":{"start":{"line":6,"column":32},"end":{"line":6,"column":62}},"line":6},"1":{"name":"(anonymous_1)","decl":{"start":{"line":8,"column":24},"end":{"line":8,"column":25}},"loc":{"start":{"line":8,"column":38},"end":{"line":12,"column":3}},"line":8},"2":{"name":"(anonymous_2)","decl":{"start":{"line":8,"column":38},"end":{"line":8,"column":39}},"loc":{"start":{"line":8,"column":51},"end":{"line":12,"column":3}},"line":8},"3":{"name":"(anonymous_3)","decl":{"start":{"line":22,"column":23},"end":{"line":22,"column":24}},"loc":{"start":{"line":22,"column":32},"end":{"line":22,"column":53}},"line":22},"4":{"name":"(anonymous_4)","decl":{"start":{"line":26,"column":27},"end":{"line":26,"column":28}},"loc":{"start":{"line":26,"column":45},"end":{"line":35,"column":1}},"line":26},"5":{"name":"(anonymous_5)","decl":{"start":{"line":37,"column":27},"end":{"line":37,"column":28}},"loc":{"start":{"line":37,"column":44},"end":{"line":42,"column":1}},"line":37},"6":{"name":"(anonymous_6)","decl":{"start":{"line":44,"column":29},"end":{"line":44,"column":30}},"loc":{"start":{"line":44,"column":52},"end":{"line":48,"column":1}},"line":44},"7":{"name":"(anonymous_7)","decl":{"start":{"line":50,"column":31},"end":{"line":50,"column":32}},"loc":{"start":{"line":50,"column":40},"end":{"line":68,"column":1}},"line":50},"8":{"name":"(anonymous_8)","decl":{"start":{"line":50,"column":40},"end":{"line":50,"column":41}},"loc":{"start":{"line":50,"column":50},"end":{"line":68,"column":1}},"line":50},"9":{"name":"(anonymous_9)","decl":{"start":{"line":86,"column":38},"end":{"line":86,"column":39}},"loc":{"start":{"line":86,"column":45},"end":{"line":89,"column":4}},"line":86}},"branchMap":{"0":{"loc":{"start":{"line":6,"column":32},"end":{"line":6,"column":62}},"type":"binary-expr","locations":[{"start":{"line":6,"column":32},"end":{"line":6,"column":41}},{"start":{"line":6,"column":45},"end":{"line":6,"column":62}}],"line":6},"1":{"loc":{"start":{"line":27,"column":2},"end":{"line":34,"column":3}},"type":"switch","locations":[{"start":{"line":28,"column":4},"end":{"line":29,"column":93}},{"start":{"line":30,"column":4},"end":{"line":31,"column":44}},{"start":{"line":32,"column":4},"end":{"line":33,"column":47}}],"line":27},"2":{"loc":{"start":{"line":47,"column":9},"end":{"line":47,"column":88}},"type":"binary-expr","locations":[{"start":{"line":47,"column":9},"end":{"line":47,"column":18}},{"start":{"line":47,"column":23},"end":{"line":47,"column":52}},{"start":{"line":47,"column":56},"end":{"line":47,"column":87}}],"line":47},"3":{"loc":{"start":{"line":57,"column":2},"end":{"line":67,"column":3}},"type":"switch","locations":[{"start":{"line":58,"column":4},"end":{"line":60,"column":5}},{"start":{"line":61,"column":4},"end":{"line":63,"column":5}},{"start":{"line":64,"column":4},"end":{"line":66,"column":5}}],"line":57}},"s":{"0":7,"1":40,"2":7,"3":9,"4":9,"5":7,"6":7,"7":2,"8":7,"9":0,"10":0,"11":0,"12":0,"13":7,"14":0,"15":0,"16":0,"17":7,"18":0,"19":0,"20":7,"21":5,"22":0,"23":0,"24":0,"25":0,"26":0,"27":7,"28":7,"29":7,"30":7,"31":0},"f":{"0":40,"1":9,"2":9,"3":2,"4":0,"5":0,"6":0,"7":5,"8":0,"9":0},"b":{"0":[40,26],"1":[0,0,0],"2":[0,0,0],"3":[0,0,0]},"_coverageSchema":"332fd63041d2c1bcb487cc26dd0d5f7d97098a6c","hash":"aef7fbdc1b4f417ee386955876ae119c45f9ce45"}
,"/Users/vsubbaiyan/Documents/projects/personal/reviews-list/src/redux/actions/index.js": {"path":"/Users/vsubbaiyan/Documents/projects/personal/reviews-list/src/redux/actions/index.js","statementMap":{},"fnMap":{},"branchMap":{},"s":{},"f":{},"b":{},"_coverageSchema":"332fd63041d2c1bcb487cc26dd0d5f7d97098a6c","hash":"c863e296c5aae56ea11efdaa46f4e9fb07dd8843"}
,"/Users/vsubbaiyan/Documents/projects/personal/reviews-list/src/redux/actions/reviewsActions.js": {"path":"/Users/vsubbaiyan/Documents/projects/personal/reviews-list/src/redux/actions/reviewsActions.js","statementMap":{"0":{"start":{"line":4,"column":11},"end":{"line":4,"column":31}},"1":{"start":{"line":6,"column":30},"end":{"line":6,"column":51}},"2":{"start":{"line":7,"column":30},"end":{"line":7,"column":51}},"3":{"start":{"line":8,"column":29},"end":{"line":8,"column":49}},"4":{"start":{"line":10,"column":29},"end":{"line":13,"column":2}},"5":{"start":{"line":10,"column":41},"end":{"line":13,"column":1}},"6":{"start":{"line":15,"column":29},"end":{"line":18,"column":2}},"7":{"start":{"line":15,"column":41},"end":{"line":18,"column":1}},"8":{"start":{"line":20,"column":28},"end":{"line":20,"column":59}},"9":{"start":{"line":20,"column":35},"end":{"line":20,"column":58}},"10":{"start":{"line":22,"column":27},"end":{"line":31,"column":1}},"11":{"start":{"line":22,"column":45},"end":{"line":31,"column":1}},"12":{"start":{"line":23,"column":2},"end":{"line":23,"column":45}},"13":{"start":{"line":25,"column":23},"end":{"line":25,"column":57}},"14":{"start":{"line":27,"column":2},"end":{"line":30,"column":5}},"15":{"start":{"line":28,"column":4},"end":{"line":28,"column":55}},"16":{"start":{"line":29,"column":4},"end":{"line":29,"column":48}}},"fnMap":{"0":{"name":"(anonymous_0)","decl":{"start":{"line":10,"column":29},"end":{"line":10,"column":30}},"loc":{"start":{"line":10,"column":41},"end":{"line":13,"column":1}},"line":10},"1":{"name":"(anonymous_1)","decl":{"start":{"line":15,"column":29},"end":{"line":15,"column":30}},"loc":{"start":{"line":15,"column":41},"end":{"line":18,"column":1}},"line":15},"2":{"name":"(anonymous_2)","decl":{"start":{"line":20,"column":28},"end":{"line":20,"column":29}},"loc":{"start":{"line":20,"column":35},"end":{"line":20,"column":58}},"line":20},"3":{"name":"(anonymous_3)","decl":{"start":{"line":22,"column":27},"end":{"line":22,"column":28}},"loc":{"start":{"line":22,"column":45},"end":{"line":31,"column":1}},"line":22},"4":{"name":"(anonymous_4)","decl":{"start":{"line":22,"column":45},"end":{"line":22,"column":46}},"loc":{"start":{"line":22,"column":63},"end":{"line":31,"column":1}},"line":22},"5":{"name":"(anonymous_5)","decl":{"start":{"line":27,"column":8},"end":{"line":27,"column":9}},"loc":{"start":{"line":27,"column":14},"end":{"line":30,"column":3}},"line":27}},"branchMap":{},"s":{"0":11,"1":11,"2":11,"3":11,"4":11,"5":4,"6":11,"7":0,"8":11,"9":0,"10":11,"11":3,"12":3,"13":3,"14":0,"15":0,"16":0},"f":{"0":4,"1":0,"2":0,"3":3,"4":3,"5":0},"b":{},"_coverageSchema":"332fd63041d2c1bcb487cc26dd0d5f7d97098a6c","hash":"3b94565ba540a33fd8d5d3efcba65516ff6e2a7e"}
,"/Users/vsubbaiyan/Documents/projects/personal/reviews-list/src/redux/reducers/appReducer.js": {"path":"/Users/vsubbaiyan/Documents/projects/personal/reviews-list/src/redux/reducers/appReducer.js","statementMap":{"0":{"start":{"line":10,"column":29},"end":{"line":15,"column":1}},"1":{"start":{"line":22,"column":26},"end":{"line":44,"column":1}},"2":{"start":{"line":23,"column":28},"end":{"line":23,"column":34}},"3":{"start":{"line":25,"column":2},"end":{"line":43,"column":3}},"4":{"start":{"line":27,"column":26},"end":{"line":27,"column":33}},"5":{"start":{"line":29,"column":6},"end":{"line":29,"column":37}},"6":{"start":{"line":33,"column":41},"end":{"line":33,"column":48}},"7":{"start":{"line":34,"column":6},"end":{"line":34,"column":84}},"8":{"start":{"line":38,"column":6},"end":{"line":38,"column":41}},"9":{"start":{"line":42,"column":6},"end":{"line":42,"column":19}}},"fnMap":{"0":{"name":"(anonymous_0)","decl":{"start":{"line":22,"column":26},"end":{"line":22,"column":27}},"loc":{"start":{"line":22,"column":61},"end":{"line":44,"column":1}},"line":22}},"branchMap":{"0":{"loc":{"start":{"line":22,"column":27},"end":{"line":22,"column":48}},"type":"default-arg","locations":[{"start":{"line":22,"column":35},"end":{"line":22,"column":48}}],"line":22},"1":{"loc":{"start":{"line":25,"column":2},"end":{"line":43,"column":3}},"type":"switch","locations":[{"start":{"line":26,"column":4},"end":{"line":30,"column":5}},{"start":{"line":32,"column":4},"end":{"line":35,"column":5}},{"start":{"line":37,"column":4},"end":{"line":39,"column":5}},{"start":{"line":41,"column":4},"end":{"line":42,"column":19}}],"line":25}},"s":{"0":3,"1":3,"2":7,"3":7,"4":4,"5":4,"6":0,"7":0,"8":0,"9":3},"f":{"0":7},"b":{"0":[2],"1":[4,0,0,3]},"_coverageSchema":"332fd63041d2c1bcb487cc26dd0d5f7d97098a6c","hash":"b0a0a2692764db655c20fd9a8a96256cefa382a7"}
,"/Users/vsubbaiyan/Documents/projects/personal/reviews-list/src/redux/reducers/index.js": {"path":"/Users/vsubbaiyan/Documents/projects/personal/reviews-list/src/redux/reducers/index.js","statementMap":{},"fnMap":{},"branchMap":{},"s":{},"f":{},"b":{},"_coverageSchema":"332fd63041d2c1bcb487cc26dd0d5f7d97098a6c","hash":"60ccaf97398b2736b89654b58adcc8ca61e1e489"}
,"/Users/vsubbaiyan/Documents/projects/personal/reviews-list/src/services/reviewServices.js": {"path":"/Users/vsubbaiyan/Documents/projects/personal/reviews-list/src/services/reviewServices.js","statementMap":{"0":{"start":{"line":3,"column":23},"end":{"line":5,"column":24}},"1":{"start":{"line":3,"column":41},"end":{"line":5,"column":24}},"2":{"start":{"line":5,"column":15},"end":{"line":5,"column":23}}},"fnMap":{"0":{"name":"(anonymous_0)","decl":{"start":{"line":3,"column":23},"end":{"line":3,"column":24}},"loc":{"start":{"line":3,"column":41},"end":{"line":5,"column":24}},"line":3},"1":{"name":"(anonymous_1)","decl":{"start":{"line":5,"column":8},"end":{"line":5,"column":9}},"loc":{"start":{"line":5,"column":15},"end":{"line":5,"column":23}},"line":5}},"branchMap":{},"s":{"0":11,"1":3,"2":0},"f":{"0":3,"1":0},"b":{},"_coverageSchema":"332fd63041d2c1bcb487cc26dd0d5f7d97098a6c","hash":"372d6669889c5f5c4300099e3380d06adb439fe2"}
}
