TN:
SF:/Users/vsubbaiyan/Documents/projects/personal/reviews-list/src/App.js
FN:15,(anonymous_0)
FN:20,(anonymous_1)
FNF:2
FNH:2
FNDA:1,(anonymous_0)
FNDA:1,(anonymous_1)
DA:14,1
DA:15,1
DA:17,1
DA:21,1
LF:4
LH:4
BRDA:15,0,0,0
BRDA:15,0,1,1
BRF:2
BRH:1
end_of_record
TN:
SF:/Users/vsubbaiyan/Documents/projects/personal/reviews-list/src/setupTests.js
FNF:0
FNH:0
DA:6,11
DA:8,11
DA:13,11
LF:3
LH:3
BRF:0
BRH:0
end_of_record
TN:
SF:/Users/vsubbaiyan/Documents/projects/personal/reviews-list/src/components/MainWrapper/MainWrapper.js
FN:4,(anonymous_0)
FNF:1
FNH:1
FNDA:2,(anonymous_0)
DA:3,2
DA:4,2
LF:2
LH:2
BRF:0
BRH:0
end_of_record
TN:
SF:/Users/vsubbaiyan/Documents/projects/personal/reviews-list/src/components/MainWrapper/index.js
FNF:0
FNH:0
LF:0
LH:0
BRF:0
BRH:0
end_of_record
TN:
SF:/Users/vsubbaiyan/Documents/projects/personal/reviews-list/src/components/ReviewFilter/ReviewFilter.js
FN:9,(anonymous_0)
FN:10,(anonymous_1)
FN:10,(anonymous_2)
FNF:3
FNH:2
FNDA:4,(anonymous_0)
FNDA:16,(anonymous_1)
FNDA:0,(anonymous_2)
DA:9,3
DA:10,16
DA:11,0
DA:14,4
DA:15,4
DA:48,3
LF:6
LH:5
BRDA:11,0,0,0
BRDA:11,0,1,0
BRF:2
BRH:0
end_of_record
TN:
SF:/Users/vsubbaiyan/Documents/projects/personal/reviews-list/src/components/ReviewFilter/ReviewFilter.styled.js
FN:13,(anonymous_0)
FN:15,(anonymous_1)
FN:20,(anonymous_2)
FNF:3
FNH:3
FNDA:4,(anonymous_0)
FNDA:4,(anonymous_1)
FNDA:4,(anonymous_2)
DA:6,3
DA:13,4
DA:15,4
DA:18,3
DA:20,4
LF:5
LH:5
BRF:0
BRH:0
end_of_record
TN:
SF:/Users/vsubbaiyan/Documents/projects/personal/reviews-list/src/components/ReviewFilter/index.js
FNF:0
FNH:0
DA:1,0
LF:1
LH:0
BRF:0
BRH:0
end_of_record
TN:
SF:/Users/vsubbaiyan/Documents/projects/personal/reviews-list/src/components/ReviewGroup/CreatedDate.js
FN:7,(anonymous_0)
FNF:1
FNH:0
FNDA:0,(anonymous_0)
DA:7,2
DA:8,0
LF:2
LH:1
BRF:0
BRH:0
end_of_record
TN:
SF:/Users/vsubbaiyan/Documents/projects/personal/reviews-list/src/components/ReviewGroup/Product.js
FN:15,(anonymous_0)
FN:18,(anonymous_1)
FNF:2
FNH:0
FNDA:0,(anonymous_0)
FNDA:0,(anonymous_1)
DA:8,2
DA:15,0
DA:18,2
DA:19,0
LF:4
LH:2
BRF:0
BRH:0
end_of_record
TN:
SF:/Users/vsubbaiyan/Documents/projects/personal/reviews-list/src/components/ReviewGroup/Rating.js
FN:9,(anonymous_0)
FN:12,(anonymous_1)
FNF:2
FNH:0
FNDA:0,(anonymous_0)
FNDA:0,(anonymous_1)
DA:7,2
DA:9,2
DA:10,0
DA:13,0
DA:14,0
LF:5
LH:2
BRDA:13,0,0,0
BRDA:13,0,1,0
BRF:2
BRH:0
end_of_record
TN:
SF:/Users/vsubbaiyan/Documents/projects/personal/reviews-list/src/components/ReviewGroup/Review.js
FN:12,(anonymous_0)
FNF:1
FNH:0
FNDA:0,(anonymous_0)
DA:12,2
DA:13,0
DA:25,2
LF:3
LH:2
BRF:0
BRH:0
end_of_record
TN:
SF:/Users/vsubbaiyan/Documents/projects/personal/reviews-list/src/components/ReviewGroup/Review.styled.js
FN:6,(anonymous_0)
FN:7,(anonymous_1)
FN:8,(anonymous_2)
FN:25,(anonymous_3)
FNF:4
FNH:0
FNDA:0,(anonymous_0)
FNDA:0,(anonymous_1)
FNDA:0,(anonymous_2)
FNDA:0,(anonymous_3)
DA:4,2
DA:6,0
DA:7,0
DA:8,0
DA:18,2
DA:20,2
DA:25,0
DA:28,2
LF:8
LH:4
BRF:0
BRH:0
end_of_record
TN:
SF:/Users/vsubbaiyan/Documents/projects/personal/reviews-list/src/components/ReviewGroup/ReviewGroup.js
FN:5,(anonymous_0)
FN:8,(anonymous_1)
FNF:2
FNH:0
FNDA:0,(anonymous_0)
FNDA:0,(anonymous_1)
DA:5,2
DA:6,0
DA:8,0
LF:3
LH:1
BRF:0
BRH:0
end_of_record
TN:
SF:/Users/vsubbaiyan/Documents/projects/personal/reviews-list/src/components/ReviewGroup/index.js
FNF:0
FNH:0
LF:0
LH:0
BRF:0
BRH:0
end_of_record
TN:
SF:/Users/vsubbaiyan/Documents/projects/personal/reviews-list/src/components/Reviews/Reviews.js
FN:37,(anonymous_0)
FN:42,(anonymous_1)
FN:46,(anonymous_2)
FN:62,(anonymous_3)
FN:65,(anonymous_4)
FN:68,(anonymous_5)
FN:77,(anonymous_6)
FN:80,(anonymous_7)
FN:86,(anonymous_8)
FN:90,(anonymous_9)
FN:91,(anonymous_10)
FN:94,(anonymous_11)
FN:101,(anonymous_12)
FN:105,(anonymous_13)
FN:110,(anonymous_14)
FN:135,(anonymous_15)
FNF:16
FNH:6
FNDA:3,(anonymous_0)
FNDA:1,(anonymous_1)
FNDA:5,(anonymous_2)
FNDA:0,(anonymous_3)
FNDA:0,(anonymous_4)
FNDA:0,(anonymous_5)
FNDA:0,(anonymous_6)
FNDA:0,(anonymous_7)
FNDA:5,(anonymous_8)
FNDA:0,(anonymous_9)
FNDA:0,(anonymous_10)
FNDA:0,(anonymous_11)
FNDA:0,(anonymous_12)
FNDA:0,(anonymous_13)
FNDA:5,(anonymous_14)
FNDA:7,(anonymous_15)
DA:38,3
DA:39,3
DA:43,1
DA:47,5
DA:49,5
DA:50,5
DA:53,0
DA:54,0
DA:55,0
DA:57,0
DA:58,0
DA:63,0
DA:65,0
DA:66,0
DA:68,0
DA:69,0
DA:70,0
DA:73,0
DA:78,0
DA:80,0
DA:81,0
DA:82,0
DA:87,5
DA:89,5
DA:90,0
DA:91,0
DA:93,5
DA:94,5
DA:96,5
DA:97,5
DA:98,5
DA:101,0
DA:102,0
DA:105,0
DA:111,5
DA:135,7
LF:36
LH:15
BRDA:49,0,0,5
BRDA:49,0,1,0
BRDA:49,1,0,5
BRDA:49,1,1,2
BRDA:53,2,0,0
BRDA:53,2,1,0
BRDA:57,3,0,0
BRDA:57,3,1,0
BRDA:57,4,0,0
BRDA:57,4,1,0
BRDA:91,5,0,0
BRDA:91,5,1,0
BRDA:96,6,0,5
BRDA:96,6,1,0
BRDA:129,7,0,5
BRDA:129,7,1,3
BRF:16
BRH:6
end_of_record
TN:
SF:/Users/vsubbaiyan/Documents/projects/personal/reviews-list/src/components/Reviews/Reviews.styled.js
FN:9,(anonymous_0)
FNF:1
FNH:1
FNDA:5,(anonymous_0)
DA:4,2
DA:9,5
DA:13,2
LF:3
LH:3
BRF:0
BRH:0
end_of_record
TN:
SF:/Users/vsubbaiyan/Documents/projects/personal/reviews-list/src/components/Reviews/index.js
FNF:0
FNH:0
LF:0
LH:0
BRF:0
BRH:0
end_of_record
TN:
SF:/Users/vsubbaiyan/Documents/projects/personal/reviews-list/src/components/base/Base.styled.js
FN:43,(anonymous_0)
FN:44,(anonymous_1)
FN:45,(anonymous_2)
FN:70,(anonymous_3)
FN:71,(anonymous_4)
FN:72,(anonymous_5)
FN:76,(anonymous_6)
FN:77,(anonymous_7)
FNF:8
FNH:5
FNDA:0,(anonymous_0)
FNDA:0,(anonymous_1)
FNDA:0,(anonymous_2)
FNDA:5,(anonymous_3)
FNDA:5,(anonymous_4)
FNDA:5,(anonymous_5)
FNDA:5,(anonymous_6)
FNDA:5,(anonymous_7)
DA:4,5
DA:8,5
DA:15,5
DA:20,5
DA:27,5
DA:42,5
DA:43,0
DA:44,0
DA:45,0
DA:57,5
DA:62,5
DA:70,5
DA:71,5
DA:72,5
DA:76,5
DA:77,5
DA:82,5
DA:90,5
LF:18
LH:15
BRDA:45,0,0,0
BRDA:45,0,1,0
BRF:2
BRH:0
end_of_record
TN:
SF:/Users/vsubbaiyan/Documents/projects/personal/reviews-list/src/components/base/index.js
FNF:0
FNH:0
LF:0
LH:0
BRF:0
BRH:0
end_of_record
TN:
SF:/Users/vsubbaiyan/Documents/projects/personal/reviews-list/src/components/base/Header/Header.js
FN:6,(anonymous_0)
FNF:1
FNH:1
FNDA:2,(anonymous_0)
DA:6,4
DA:7,2
LF:2
LH:2
BRF:0
BRH:0
end_of_record
TN:
SF:/Users/vsubbaiyan/Documents/projects/personal/reviews-list/src/components/base/Header/Header.styled.js
FN:4,(anonymous_0)
FNF:1
FNH:1
FNDA:2,(anonymous_0)
DA:3,4
DA:4,2
LF:2
LH:2
BRF:0
BRH:0
end_of_record
TN:
SF:/Users/vsubbaiyan/Documents/projects/personal/reviews-list/src/components/base/Header/index.js
FNF:0
FNH:0
LF:0
LH:0
BRF:0
BRH:0
end_of_record
TN:
SF:/Users/vsubbaiyan/Documents/projects/personal/reviews-list/src/components/base/Icon/Icon.js
FN:10,(anonymous_0)
FNF:1
FNH:1
FNDA:1,(anonymous_0)
DA:10,4
DA:11,1
DA:13,1
DA:20,4
LF:4
LH:4
BRF:0
BRH:0
end_of_record
TN:
SF:/Users/vsubbaiyan/Documents/projects/personal/reviews-list/src/components/base/Icon/index.js
FNF:0
FNH:0
LF:0
LH:0
BRF:0
BRH:0
end_of_record
TN:
SF:/Users/vsubbaiyan/Documents/projects/personal/reviews-list/src/components/base/Select/Select.js
FN:33,(anonymous_0)
FN:39,(anonymous_1)
FN:44,(anonymous_2)
FN:52,(anonymous_3)
FNF:4
FNH:3
FNDA:0,(anonymous_0)
FNDA:1,(anonymous_1)
FNDA:15,(anonymous_2)
FNDA:46,(anonymous_3)
DA:34,0
DA:35,0
DA:40,1
DA:41,1
DA:45,15
DA:52,46
LF:6
LH:4
BRDA:34,0,0,0
BRDA:34,0,1,0
BRF:2
BRH:0
end_of_record
TN:
SF:/Users/vsubbaiyan/Documents/projects/personal/reviews-list/src/components/base/Select/Select.style.js
FN:5,(anonymous_0)
FN:6,(anonymous_1)
FN:7,(anonymous_2)
FN:8,(anonymous_3)
FNF:4
FNH:4
FNDA:15,(anonymous_0)
FNDA:15,(anonymous_1)
FNDA:15,(anonymous_2)
FNDA:15,(anonymous_3)
DA:4,4
DA:5,15
DA:6,15
DA:7,15
DA:8,15
LF:5
LH:5
BRDA:6,0,0,0
BRDA:6,0,1,15
BRF:2
BRH:1
end_of_record
TN:
SF:/Users/vsubbaiyan/Documents/projects/personal/reviews-list/src/components/base/Select/index.js
FNF:0
FNH:0
LF:0
LH:0
BRF:0
BRH:0
end_of_record
TN:
SF:/Users/vsubbaiyan/Documents/projects/personal/reviews-list/src/components/base/Spinner/Spinner.js
FN:8,(anonymous_0)
FN:19,(anonymous_1)
FNF:2
FNH:2
FNDA:4,(anonymous_0)
FNDA:4,(anonymous_1)
DA:3,4
DA:8,4
DA:19,4
LF:3
LH:3
BRF:0
BRH:0
end_of_record
TN:
SF:/Users/vsubbaiyan/Documents/projects/personal/reviews-list/src/components/base/Spinner/index.js
FNF:0
FNH:0
LF:0
LH:0
BRF:0
BRH:0
end_of_record
TN:
SF:/Users/vsubbaiyan/Documents/projects/personal/reviews-list/src/components/base/TextInput/TextInput.js
FN:29,(anonymous_0)
FN:34,(anonymous_1)
FNF:2
FNH:2
FNDA:1,(anonymous_0)
FNDA:7,(anonymous_1)
DA:30,1
DA:31,1
DA:35,7
DA:37,7
LF:4
LH:4
BRF:0
BRH:0
end_of_record
TN:
SF:/Users/vsubbaiyan/Documents/projects/personal/reviews-list/src/components/base/TextInput/TextInput.styled.js
FN:5,(anonymous_0)
FNF:1
FNH:1
FNDA:7,(anonymous_0)
DA:4,4
DA:5,7
LF:2
LH:2
BRF:0
BRH:0
end_of_record
TN:
SF:/Users/vsubbaiyan/Documents/projects/personal/reviews-list/src/components/base/TextInput/index.js
FNF:0
FNH:0
LF:0
LH:0
BRF:0
BRH:0
end_of_record
TN:
SF:/Users/vsubbaiyan/Documents/projects/personal/reviews-list/src/helpers/config.js
FNF:0
FNH:0
DA:1,11
LF:1
LH:1
BRF:0
BRH:0
end_of_record
TN:
SF:/Users/vsubbaiyan/Documents/projects/personal/reviews-list/src/helpers/testUtil.js
FN:9,(anonymous_0)
FN:16,(anonymous_1)
FN:22,(anonymous_2)
FNF:3
FNH:3
FNDA:11,(anonymous_0)
FNDA:8,(anonymous_1)
FNDA:1,(anonymous_2)
DA:9,11
DA:11,11
DA:15,11
DA:16,11
DA:18,11
DA:21,11
DA:22,11
DA:24,11
DA:30,11
DA:38,11
DA:43,11
LF:11
LH:11
BRDA:15,0,0,0
BRDA:15,0,1,11
BRF:2
BRH:1
end_of_record
TN:
SF:/Users/vsubbaiyan/Documents/projects/personal/reviews-list/src/helpers/util.js
FN:6,(anonymous_0)
FN:8,(anonymous_1)
FN:8,(anonymous_2)
FN:22,(anonymous_3)
FN:26,(anonymous_4)
FN:37,(anonymous_5)
FN:44,(anonymous_6)
FN:50,(anonymous_7)
FN:50,(anonymous_8)
FN:86,(anonymous_9)
FNF:10
FNH:5
FNDA:40,(anonymous_0)
FNDA:9,(anonymous_1)
FNDA:9,(anonymous_2)
FNDA:2,(anonymous_3)
FNDA:0,(anonymous_4)
FNDA:0,(anonymous_5)
FNDA:0,(anonymous_6)
FNDA:5,(anonymous_7)
FNDA:0,(anonymous_8)
FNDA:0,(anonymous_9)
DA:6,40
DA:8,9
DA:14,7
DA:22,7
DA:26,7
DA:27,0
DA:29,0
DA:31,0
DA:33,0
DA:37,7
DA:38,0
DA:39,0
DA:41,0
DA:44,7
DA:45,0
DA:47,0
DA:50,7
DA:55,0
DA:57,0
DA:59,0
DA:62,0
DA:65,0
DA:70,7
DA:72,7
DA:78,7
DA:86,7
LF:26
LH:12
BRDA:6,0,0,40
BRDA:6,0,1,26
BRDA:27,1,0,0
BRDA:27,1,1,0
BRDA:27,1,2,0
BRDA:47,2,0,0
BRDA:47,2,1,0
BRDA:47,2,2,0
BRDA:57,3,0,0
BRDA:57,3,1,0
BRDA:57,3,2,0
BRF:11
BRH:2
end_of_record
TN:
SF:/Users/vsubbaiyan/Documents/projects/personal/reviews-list/src/redux/actions/index.js
FNF:0
FNH:0
LF:0
LH:0
BRF:0
BRH:0
end_of_record
TN:
SF:/Users/vsubbaiyan/Documents/projects/personal/reviews-list/src/redux/actions/reviewsActions.js
FN:10,(anonymous_0)
FN:15,(anonymous_1)
FN:20,(anonymous_2)
FN:22,(anonymous_3)
FN:22,(anonymous_4)
FN:27,(anonymous_5)
FNF:6
FNH:3
FNDA:4,(anonymous_0)
FNDA:0,(anonymous_1)
FNDA:0,(anonymous_2)
FNDA:3,(anonymous_3)
FNDA:3,(anonymous_4)
FNDA:0,(anonymous_5)
DA:4,11
DA:6,11
DA:7,11
DA:8,11
DA:10,11
DA:15,11
DA:20,11
DA:22,11
DA:23,3
DA:25,3
DA:27,0
DA:28,0
DA:29,0
LF:13
LH:10
BRF:0
BRH:0
end_of_record
TN:
SF:/Users/vsubbaiyan/Documents/projects/personal/reviews-list/src/redux/reducers/appReducer.js
FN:22,(anonymous_0)
FNF:1
FNH:1
FNDA:7,(anonymous_0)
DA:10,3
DA:22,3
DA:23,7
DA:25,7
DA:27,4
DA:29,4
DA:33,0
DA:34,0
DA:38,0
DA:42,3
LF:10
LH:7
BRDA:22,0,0,2
BRDA:25,1,0,4
BRDA:25,1,1,0
BRDA:25,1,2,0
BRDA:25,1,3,3
BRF:5
BRH:3
end_of_record
TN:
SF:/Users/vsubbaiyan/Documents/projects/personal/reviews-list/src/redux/reducers/index.js
FNF:0
FNH:0
LF:0
LH:0
BRF:0
BRH:0
end_of_record
TN:
SF:/Users/vsubbaiyan/Documents/projects/personal/reviews-list/src/services/reviewServices.js
FN:3,(anonymous_0)
FN:5,(anonymous_1)
FNF:2
FNH:1
FNDA:3,(anonymous_0)
FNDA:0,(anonymous_1)
DA:3,11
DA:5,0
LF:2
LH:1
BRF:0
BRH:0
end_of_record
